18/10/13 08:20:25 WARN NativeCodeLoader: Unable to load native-hadoop library for your platform... using builtin-java classes where applicable
18/10/13 08:20:27 INFO SparkContext: Running Spark version 2.3.0
18/10/13 08:20:27 INFO SparkContext: Submitted application: sparklyr
18/10/13 08:20:27 INFO SecurityManager: Changing view acls to: qfli
18/10/13 08:20:27 INFO SecurityManager: Changing modify acls to: qfli
18/10/13 08:20:27 INFO SecurityManager: Changing view acls groups to: 
18/10/13 08:20:27 INFO SecurityManager: Changing modify acls groups to: 
18/10/13 08:20:27 INFO SecurityManager: SecurityManager: authentication disabled; ui acls disabled; users  with view permissions: Set(qfli); groups with view permissions: Set(); users  with modify permissions: Set(qfli); groups with modify permissions: Set()
18/10/13 08:20:27 INFO Utils: Successfully started service 'sparkDriver' on port 62697.
18/10/13 08:20:27 INFO SparkEnv: Registering MapOutputTracker
18/10/13 08:20:27 INFO SparkEnv: Registering BlockManagerMaster
18/10/13 08:20:27 INFO BlockManagerMasterEndpoint: Using org.apache.spark.storage.DefaultTopologyMapper for getting topology information
18/10/13 08:20:27 INFO BlockManagerMasterEndpoint: BlockManagerMasterEndpoint up
18/10/13 08:20:27 INFO DiskBlockManager: Created local directory at C:\Users\qfli\AppData\Local\Temp\blockmgr-089f9940-7765-45b4-af48-6a24f7d052db
18/10/13 08:20:27 INFO MemoryStore: MemoryStore started with capacity 366.3 MB
18/10/13 08:20:27 INFO SparkEnv: Registering OutputCommitCoordinator
18/10/13 08:20:27 INFO Utils: Successfully started service 'SparkUI' on port 4040.
18/10/13 08:20:27 INFO SparkUI: Bound SparkUI to 127.0.0.1, and started at http://127.0.0.1:4040
18/10/13 08:20:27 INFO SparkContext: Added JAR file:/C:/Users/qfli/Documents/R/win-library/3.5/sparklyr/java/sparklyr-2.3-2.11.jar at spark://127.0.0.1:62697/jars/sparklyr-2.3-2.11.jar with timestamp 1539444027613
18/10/13 08:20:27 INFO Executor: Starting executor ID driver on host localhost
18/10/13 08:20:27 INFO Utils: Successfully started service 'org.apache.spark.network.netty.NettyBlockTransferService' on port 62718.
18/10/13 08:20:27 INFO NettyBlockTransferService: Server created on 127.0.0.1:62718
18/10/13 08:20:27 INFO BlockManager: Using org.apache.spark.storage.RandomBlockReplicationPolicy for block replication policy
18/10/13 08:20:27 INFO BlockManagerMaster: Registering BlockManager BlockManagerId(driver, 127.0.0.1, 62718, None)
18/10/13 08:20:27 INFO BlockManagerMasterEndpoint: Registering block manager 127.0.0.1:62718 with 366.3 MB RAM, BlockManagerId(driver, 127.0.0.1, 62718, None)
18/10/13 08:20:27 INFO BlockManagerMaster: Registered BlockManager BlockManagerId(driver, 127.0.0.1, 62718, None)
18/10/13 08:20:27 INFO BlockManager: Initialized BlockManager: BlockManagerId(driver, 127.0.0.1, 62718, None)
18/10/13 08:20:28 WARN SparkContext: Using an existing SparkContext; some configuration may not take effect.
18/10/13 08:20:28 INFO SharedState: loading hive config file: file:/C:/Users/qfli/AppData/Local/spark/spark-2.3.0-bin-hadoop2.7/conf/hive-site.xml
18/10/13 08:20:28 INFO SharedState: Setting hive.metastore.warehouse.dir ('C:/Users/qfli/AppData/Local/spark/spark-2.3.0-bin-hadoop2.7/tmp/hive') to the value of spark.sql.warehouse.dir ('C:/Users/qfli/AppData/Local/spark/spark-2.3.0-bin-hadoop2.7/tmp/hive').
18/10/13 08:20:28 INFO SharedState: Warehouse path is 'C:/Users/qfli/AppData/Local/spark/spark-2.3.0-bin-hadoop2.7/tmp/hive'.
18/10/13 08:20:28 INFO StateStoreCoordinatorRef: Registered StateStoreCoordinator endpoint
18/10/13 08:20:31 INFO SparkContext: Starting job: collect at utils.scala:43
18/10/13 08:20:31 INFO DAGScheduler: Got job 0 (collect at utils.scala:43) with 1 output partitions
18/10/13 08:20:31 INFO DAGScheduler: Final stage: ResultStage 0 (collect at utils.scala:43)
18/10/13 08:20:31 INFO DAGScheduler: Parents of final stage: List()
18/10/13 08:20:31 INFO DAGScheduler: Missing parents: List()
18/10/13 08:20:31 INFO DAGScheduler: Submitting ResultStage 0 (MapPartitionsRDD[4] at map at utils.scala:40), which has no missing parents
18/10/13 08:20:31 INFO MemoryStore: Block broadcast_0 stored as values in memory (estimated size 5.9 KB, free 366.3 MB)
18/10/13 08:20:31 INFO MemoryStore: Block broadcast_0_piece0 stored as bytes in memory (estimated size 3.3 KB, free 366.3 MB)
18/10/13 08:20:31 INFO BlockManagerInfo: Added broadcast_0_piece0 in memory on 127.0.0.1:62718 (size: 3.3 KB, free: 366.3 MB)
18/10/13 08:20:31 INFO SparkContext: Created broadcast 0 from broadcast at DAGScheduler.scala:1039
18/10/13 08:20:31 INFO DAGScheduler: Submitting 1 missing tasks from ResultStage 0 (MapPartitionsRDD[4] at map at utils.scala:40) (first 15 tasks are for partitions Vector(0))
18/10/13 08:20:31 INFO TaskSchedulerImpl: Adding task set 0.0 with 1 tasks
18/10/13 08:20:31 INFO TaskSetManager: Starting task 0.0 in stage 0.0 (TID 0, localhost, executor driver, partition 0, PROCESS_LOCAL, 7880 bytes)
18/10/13 08:20:31 INFO Executor: Running task 0.0 in stage 0.0 (TID 0)
18/10/13 08:20:31 INFO Executor: Fetching spark://127.0.0.1:62697/jars/sparklyr-2.3-2.11.jar with timestamp 1539444027613
18/10/13 08:20:31 INFO TransportClientFactory: Successfully created connection to /127.0.0.1:62697 after 21 ms (0 ms spent in bootstraps)
18/10/13 08:20:31 INFO Utils: Fetching spark://127.0.0.1:62697/jars/sparklyr-2.3-2.11.jar to C:\Users\qfli\AppData\Local\Temp\spark-db63498f-8e14-48ff-b336-66bb893ca981\userFiles-3f5435c3-1882-42d0-8622-8cd64d3ec8bd\fetchFileTemp2970769355173579242.tmp
18/10/13 08:20:31 INFO Executor: Adding file:/C:/Users/qfli/AppData/Local/Temp/spark-db63498f-8e14-48ff-b336-66bb893ca981/userFiles-3f5435c3-1882-42d0-8622-8cd64d3ec8bd/sparklyr-2.3-2.11.jar to class loader
18/10/13 08:20:31 INFO CodeGenerator: Code generated in 211.969683 ms
18/10/13 08:20:31 INFO Executor: Finished task 0.0 in stage 0.0 (TID 0). 1013 bytes result sent to driver
18/10/13 08:20:31 INFO TaskSetManager: Finished task 0.0 in stage 0.0 (TID 0) in 581 ms on localhost (executor driver) (1/1)
18/10/13 08:20:31 INFO TaskSchedulerImpl: Removed TaskSet 0.0, whose tasks have all completed, from pool 
18/10/13 08:20:31 INFO DAGScheduler: ResultStage 0 (collect at utils.scala:43) finished in 0.773 s
18/10/13 08:20:31 INFO DAGScheduler: Job 0 finished: collect at utils.scala:43, took 0.928723 s
18/10/13 08:20:32 WARN SparkSession$Builder: Using an existing SparkSession; some configuration may not take effect.
18/10/13 08:20:32 WARN SparkSession$Builder: Using an existing SparkSession; some configuration may not take effect.
18/10/13 08:20:32 INFO BlockManagerInfo: Removed broadcast_0_piece0 on 127.0.0.1:62718 in memory (size: 3.3 KB, free: 366.3 MB)
18/10/13 08:20:32 INFO CodeGenerator: Code generated in 24.719544 ms
18/10/13 08:20:32 INFO CodeGenerator: Code generated in 15.695104 ms
18/10/13 08:20:32 INFO SparkContext: Starting job: sql at <unknown>:0
18/10/13 08:20:32 INFO DAGScheduler: Registering RDD 13 (sql at <unknown>:0)
18/10/13 08:20:32 INFO DAGScheduler: Got job 1 (sql at <unknown>:0) with 1 output partitions
18/10/13 08:20:32 INFO DAGScheduler: Final stage: ResultStage 2 (sql at <unknown>:0)
18/10/13 08:20:32 INFO DAGScheduler: Parents of final stage: List(ShuffleMapStage 1)
18/10/13 08:20:32 INFO DAGScheduler: Missing parents: List(ShuffleMapStage 1)
18/10/13 08:20:32 INFO DAGScheduler: Submitting ShuffleMapStage 1 (MapPartitionsRDD[13] at sql at <unknown>:0), which has no missing parents
18/10/13 08:20:32 INFO MemoryStore: Block broadcast_1 stored as values in memory (estimated size 28.4 KB, free 366.3 MB)
18/10/13 08:20:32 INFO MemoryStore: Block broadcast_1_piece0 stored as bytes in memory (estimated size 11.8 KB, free 366.3 MB)
18/10/13 08:20:32 INFO BlockManagerInfo: Added broadcast_1_piece0 in memory on 127.0.0.1:62718 (size: 11.8 KB, free: 366.3 MB)
18/10/13 08:20:32 INFO SparkContext: Created broadcast 1 from broadcast at DAGScheduler.scala:1039
18/10/13 08:20:32 INFO DAGScheduler: Submitting 1 missing tasks from ShuffleMapStage 1 (MapPartitionsRDD[13] at sql at <unknown>:0) (first 15 tasks are for partitions Vector(0))
18/10/13 08:20:32 INFO TaskSchedulerImpl: Adding task set 1.0 with 1 tasks
18/10/13 08:20:32 INFO TaskSetManager: Starting task 0.0 in stage 1.0 (TID 1, localhost, executor driver, partition 0, PROCESS_LOCAL, 9144 bytes)
18/10/13 08:20:32 INFO Executor: Running task 0.0 in stage 1.0 (TID 1)
18/10/13 08:20:32 INFO CodeGenerator: Code generated in 24.594211 ms
18/10/13 08:20:32 INFO CodeGenerator: Code generated in 64.734194 ms
18/10/13 08:20:32 INFO MemoryStore: Block rdd_9_0 stored as values in memory (estimated size 4.2 KB, free 366.3 MB)
18/10/13 08:20:32 INFO BlockManagerInfo: Added rdd_9_0 in memory on 127.0.0.1:62718 (size: 4.2 KB, free: 366.3 MB)
18/10/13 08:20:32 INFO CodeGenerator: Code generated in 7.927997 ms
18/10/13 08:20:32 INFO Executor: Finished task 0.0 in stage 1.0 (TID 1). 1975 bytes result sent to driver
18/10/13 08:20:32 INFO TaskSetManager: Finished task 0.0 in stage 1.0 (TID 1) in 265 ms on localhost (executor driver) (1/1)
18/10/13 08:20:32 INFO DAGScheduler: ShuffleMapStage 1 (sql at <unknown>:0) finished in 0.294 s
18/10/13 08:20:32 INFO DAGScheduler: looking for newly runnable stages
18/10/13 08:20:32 INFO DAGScheduler: running: Set()
18/10/13 08:20:32 INFO DAGScheduler: waiting: Set(ResultStage 2)
18/10/13 08:20:32 INFO DAGScheduler: failed: Set()
18/10/13 08:20:32 INFO TaskSchedulerImpl: Removed TaskSet 1.0, whose tasks have all completed, from pool 
18/10/13 08:20:32 INFO DAGScheduler: Submitting ResultStage 2 (MapPartitionsRDD[16] at sql at <unknown>:0), which has no missing parents
18/10/13 08:20:32 INFO MemoryStore: Block broadcast_2 stored as values in memory (estimated size 7.3 KB, free 366.2 MB)
18/10/13 08:20:32 INFO MemoryStore: Block broadcast_2_piece0 stored as bytes in memory (estimated size 3.8 KB, free 366.2 MB)
18/10/13 08:20:32 INFO BlockManagerInfo: Added broadcast_2_piece0 in memory on 127.0.0.1:62718 (size: 3.8 KB, free: 366.3 MB)
18/10/13 08:20:32 INFO SparkContext: Created broadcast 2 from broadcast at DAGScheduler.scala:1039
18/10/13 08:20:32 INFO DAGScheduler: Submitting 1 missing tasks from ResultStage 2 (MapPartitionsRDD[16] at sql at <unknown>:0) (first 15 tasks are for partitions Vector(0))
18/10/13 08:20:32 INFO TaskSchedulerImpl: Adding task set 2.0 with 1 tasks
18/10/13 08:20:32 INFO TaskSetManager: Starting task 0.0 in stage 2.0 (TID 2, localhost, executor driver, partition 0, ANY, 7754 bytes)
18/10/13 08:20:32 INFO Executor: Running task 0.0 in stage 2.0 (TID 2)
18/10/13 08:20:32 INFO ShuffleBlockFetcherIterator: Getting 1 non-empty blocks out of 1 blocks
18/10/13 08:20:32 INFO ShuffleBlockFetcherIterator: Started 0 remote fetches in 6 ms
18/10/13 08:20:32 INFO Executor: Finished task 0.0 in stage 2.0 (TID 2). 1739 bytes result sent to driver
18/10/13 08:20:32 INFO TaskSetManager: Finished task 0.0 in stage 2.0 (TID 2) in 44 ms on localhost (executor driver) (1/1)
18/10/13 08:20:32 INFO DAGScheduler: ResultStage 2 (sql at <unknown>:0) finished in 0.052 s
18/10/13 08:20:32 INFO DAGScheduler: Job 1 finished: sql at <unknown>:0, took 0.370374 s
18/10/13 08:20:32 WARN SparkSession$Builder: Using an existing SparkSession; some configuration may not take effect.
18/10/13 08:20:32 INFO TaskSchedulerImpl: Removed TaskSet 2.0, whose tasks have all completed, from pool 
18/10/13 08:20:32 INFO CodeGenerator: Code generated in 6.047998 ms
18/10/13 08:20:32 INFO SparkContext: Starting job: collect at utils.scala:196
18/10/13 08:20:32 INFO DAGScheduler: Registering RDD 20 (collect at utils.scala:196)
18/10/13 08:20:32 INFO DAGScheduler: Got job 2 (collect at utils.scala:196) with 1 output partitions
18/10/13 08:20:32 INFO DAGScheduler: Final stage: ResultStage 4 (collect at utils.scala:196)
18/10/13 08:20:32 INFO DAGScheduler: Parents of final stage: List(ShuffleMapStage 3)
18/10/13 08:20:32 INFO DAGScheduler: Missing parents: List(ShuffleMapStage 3)
18/10/13 08:20:32 INFO DAGScheduler: Submitting ShuffleMapStage 3 (MapPartitionsRDD[20] at collect at utils.scala:196), which has no missing parents
18/10/13 08:20:32 INFO MemoryStore: Block broadcast_3 stored as values in memory (estimated size 28.4 KB, free 366.2 MB)
18/10/13 08:20:33 INFO MemoryStore: Block broadcast_3_piece0 stored as bytes in memory (estimated size 11.8 KB, free 366.2 MB)
18/10/13 08:20:33 INFO BlockManagerInfo: Added broadcast_3_piece0 in memory on 127.0.0.1:62718 (size: 11.8 KB, free: 366.3 MB)
18/10/13 08:20:33 INFO SparkContext: Created broadcast 3 from broadcast at DAGScheduler.scala:1039
18/10/13 08:20:33 INFO DAGScheduler: Submitting 1 missing tasks from ShuffleMapStage 3 (MapPartitionsRDD[20] at collect at utils.scala:196) (first 15 tasks are for partitions Vector(0))
18/10/13 08:20:33 INFO TaskSchedulerImpl: Adding task set 3.0 with 1 tasks
18/10/13 08:20:33 INFO TaskSetManager: Starting task 0.0 in stage 3.0 (TID 3, localhost, executor driver, partition 0, PROCESS_LOCAL, 9144 bytes)
18/10/13 08:20:33 INFO Executor: Running task 0.0 in stage 3.0 (TID 3)
18/10/13 08:20:33 INFO BlockManager: Found block rdd_9_0 locally
18/10/13 08:20:33 INFO Executor: Finished task 0.0 in stage 3.0 (TID 3). 2018 bytes result sent to driver
18/10/13 08:20:33 INFO TaskSetManager: Finished task 0.0 in stage 3.0 (TID 3) in 38 ms on localhost (executor driver) (1/1)
18/10/13 08:20:33 INFO TaskSchedulerImpl: Removed TaskSet 3.0, whose tasks have all completed, from pool 
18/10/13 08:20:33 INFO DAGScheduler: ShuffleMapStage 3 (collect at utils.scala:196) finished in 0.046 s
18/10/13 08:20:33 INFO DAGScheduler: looking for newly runnable stages
18/10/13 08:20:33 INFO DAGScheduler: running: Set()
18/10/13 08:20:33 INFO DAGScheduler: waiting: Set(ResultStage 4)
18/10/13 08:20:33 INFO DAGScheduler: failed: Set()
18/10/13 08:20:33 INFO DAGScheduler: Submitting ResultStage 4 (MapPartitionsRDD[23] at collect at utils.scala:196), which has no missing parents
18/10/13 08:20:33 INFO MemoryStore: Block broadcast_4 stored as values in memory (estimated size 7.3 KB, free 366.2 MB)
18/10/13 08:20:33 INFO MemoryStore: Block broadcast_4_piece0 stored as bytes in memory (estimated size 3.8 KB, free 366.2 MB)
18/10/13 08:20:33 INFO BlockManagerInfo: Added broadcast_4_piece0 in memory on 127.0.0.1:62718 (size: 3.8 KB, free: 366.3 MB)
18/10/13 08:20:33 INFO SparkContext: Created broadcast 4 from broadcast at DAGScheduler.scala:1039
18/10/13 08:20:33 INFO DAGScheduler: Submitting 1 missing tasks from ResultStage 4 (MapPartitionsRDD[23] at collect at utils.scala:196) (first 15 tasks are for partitions Vector(0))
18/10/13 08:20:33 INFO TaskSchedulerImpl: Adding task set 4.0 with 1 tasks
18/10/13 08:20:33 INFO TaskSetManager: Starting task 0.0 in stage 4.0 (TID 4, localhost, executor driver, partition 0, ANY, 7754 bytes)
18/10/13 08:20:33 INFO Executor: Running task 0.0 in stage 4.0 (TID 4)
18/10/13 08:20:33 INFO ShuffleBlockFetcherIterator: Getting 1 non-empty blocks out of 1 blocks
18/10/13 08:20:33 INFO ShuffleBlockFetcherIterator: Started 0 remote fetches in 1 ms
18/10/13 08:20:33 INFO Executor: Finished task 0.0 in stage 4.0 (TID 4). 1696 bytes result sent to driver
18/10/13 08:20:33 INFO TaskSetManager: Finished task 0.0 in stage 4.0 (TID 4) in 7 ms on localhost (executor driver) (1/1)
18/10/13 08:20:33 INFO DAGScheduler: ResultStage 4 (collect at utils.scala:196) finished in 0.013 s
18/10/13 08:20:33 INFO DAGScheduler: Job 2 finished: collect at utils.scala:196, took 0.064603 s
18/10/13 08:20:33 INFO TaskSchedulerImpl: Removed TaskSet 4.0, whose tasks have all completed, from pool 
18/10/13 08:20:33 WARN SparkSession$Builder: Using an existing SparkSession; some configuration may not take effect.
18/10/13 08:20:33 WARN SparkSession$Builder: Using an existing SparkSession; some configuration may not take effect.
18/10/13 08:20:33 INFO CodeGenerator: Code generated in 6.62933 ms
18/10/13 08:20:33 WARN SparkSession$Builder: Using an existing SparkSession; some configuration may not take effect.
18/10/13 08:20:35 WARN SparkSession$Builder: Using an existing SparkSession; some configuration may not take effect.
18/10/13 08:20:35 WARN SparkSession$Builder: Using an existing SparkSession; some configuration may not take effect.
18/10/13 08:20:35 WARN SparkSession$Builder: Using an existing SparkSession; some configuration may not take effect.
18/10/13 08:20:35 WARN SparkSession$Builder: Using an existing SparkSession; some configuration may not take effect.
18/10/13 08:20:35 WARN SparkSession$Builder: Using an existing SparkSession; some configuration may not take effect.
18/10/13 08:20:35 WARN SparkSession$Builder: Using an existing SparkSession; some configuration may not take effect.
18/10/13 08:20:35 INFO CodeGenerator: Code generated in 9.115552 ms
18/10/13 08:20:35 INFO CodeGenerator: Code generated in 23.693322 ms
18/10/13 08:20:35 INFO SparkContext: Starting job: collect at utils.scala:196
18/10/13 08:20:35 INFO DAGScheduler: Got job 3 (collect at utils.scala:196) with 1 output partitions
18/10/13 08:20:35 INFO DAGScheduler: Final stage: ResultStage 5 (collect at utils.scala:196)
18/10/13 08:20:35 INFO DAGScheduler: Parents of final stage: List()
18/10/13 08:20:35 INFO DAGScheduler: Missing parents: List()
18/10/13 08:20:35 INFO DAGScheduler: Submitting ResultStage 5 (MapPartitionsRDD[28] at collect at utils.scala:196), which has no missing parents
18/10/13 08:20:35 INFO MemoryStore: Block broadcast_5 stored as values in memory (estimated size 31.0 KB, free 366.2 MB)
18/10/13 08:20:35 INFO MemoryStore: Block broadcast_5_piece0 stored as bytes in memory (estimated size 10.8 KB, free 366.2 MB)
18/10/13 08:20:35 INFO BlockManagerInfo: Added broadcast_5_piece0 in memory on 127.0.0.1:62718 (size: 10.8 KB, free: 366.3 MB)
18/10/13 08:20:35 INFO ContextCleaner: Cleaned accumulator 92
18/10/13 08:20:35 INFO ContextCleaner: Cleaned accumulator 139
18/10/13 08:20:35 INFO ContextCleaner: Cleaned accumulator 84
18/10/13 08:20:35 INFO ContextCleaner: Cleaned accumulator 133
18/10/13 08:20:35 INFO ContextCleaner: Cleaned accumulator 93
18/10/13 08:20:35 INFO ContextCleaner: Cleaned accumulator 50
18/10/13 08:20:35 INFO ContextCleaner: Cleaned accumulator 125
18/10/13 08:20:35 INFO ContextCleaner: Cleaned accumulator 150
18/10/13 08:20:35 INFO ContextCleaner: Cleaned accumulator 83
18/10/13 08:20:35 INFO ContextCleaner: Cleaned accumulator 66
18/10/13 08:20:35 INFO ContextCleaner: Cleaned accumulator 159
18/10/13 08:20:35 INFO ContextCleaner: Cleaned accumulator 53
18/10/13 08:20:35 INFO ContextCleaner: Cleaned accumulator 136
18/10/13 08:20:35 INFO ContextCleaner: Cleaned accumulator 72
18/10/13 08:20:35 INFO ContextCleaner: Cleaned accumulator 32
18/10/13 08:20:35 INFO ContextCleaner: Cleaned accumulator 86
18/10/13 08:20:35 INFO ContextCleaner: Cleaned accumulator 89
18/10/13 08:20:35 INFO ContextCleaner: Cleaned accumulator 146
18/10/13 08:20:35 INFO ContextCleaner: Cleaned accumulator 29
18/10/13 08:20:35 INFO ContextCleaner: Cleaned accumulator 147
18/10/13 08:20:35 INFO ContextCleaner: Cleaned accumulator 88
18/10/13 08:20:35 INFO ContextCleaner: Cleaned accumulator 46
18/10/13 08:20:35 INFO SparkContext: Created broadcast 5 from broadcast at DAGScheduler.scala:1039
18/10/13 08:20:35 INFO DAGScheduler: Submitting 1 missing tasks from ResultStage 5 (MapPartitionsRDD[28] at collect at utils.scala:196) (first 15 tasks are for partitions Vector(0))
18/10/13 08:20:35 INFO TaskSchedulerImpl: Adding task set 5.0 with 1 tasks
18/10/13 08:20:35 INFO TaskSetManager: Starting task 0.0 in stage 5.0 (TID 5, localhost, executor driver, partition 0, PROCESS_LOCAL, 9155 bytes)
18/10/13 08:20:35 INFO Executor: Running task 0.0 in stage 5.0 (TID 5)
18/10/13 08:20:35 INFO BlockManager: Found block rdd_9_0 locally
18/10/13 08:20:35 INFO BlockManagerInfo: Removed broadcast_2_piece0 on 127.0.0.1:62718 in memory (size: 3.8 KB, free: 366.3 MB)
18/10/13 08:20:35 INFO ContextCleaner: Cleaned accumulator 131
18/10/13 08:20:35 INFO ContextCleaner: Cleaned accumulator 54
18/10/13 08:20:35 INFO ContextCleaner: Cleaned accumulator 90
18/10/13 08:20:35 INFO ContextCleaner: Cleaned accumulator 64
18/10/13 08:20:35 INFO ContextCleaner: Cleaned accumulator 120
18/10/13 08:20:35 INFO ContextCleaner: Cleaned shuffle 0
18/10/13 08:20:35 INFO ContextCleaner: Cleaned accumulator 126
18/10/13 08:20:35 INFO ContextCleaner: Cleaned accumulator 94
18/10/13 08:20:35 INFO ContextCleaner: Cleaned accumulator 122
18/10/13 08:20:35 INFO ContextCleaner: Cleaned accumulator 130
18/10/13 08:20:35 INFO ContextCleaner: Cleaned accumulator 51
18/10/13 08:20:35 INFO ContextCleaner: Cleaned accumulator 71
18/10/13 08:20:35 INFO ContextCleaner: Cleaned accumulator 68
18/10/13 08:20:35 INFO ContextCleaner: Cleaned accumulator 79
18/10/13 08:20:35 INFO ContextCleaner: Cleaned accumulator 47
18/10/13 08:20:35 INFO ContextCleaner: Cleaned accumulator 116
18/10/13 08:20:35 INFO ContextCleaner: Cleaned accumulator 43
18/10/13 08:20:35 INFO ContextCleaner: Cleaned accumulator 77
18/10/13 08:20:35 INFO ContextCleaner: Cleaned accumulator 61
18/10/13 08:20:35 INFO ContextCleaner: Cleaned accumulator 57
18/10/13 08:20:35 INFO ContextCleaner: Cleaned accumulator 52
18/10/13 08:20:35 INFO ContextCleaner: Cleaned accumulator 138
18/10/13 08:20:35 INFO ContextCleaner: Cleaned accumulator 127
18/10/13 08:20:35 INFO ContextCleaner: Cleaned accumulator 148
18/10/13 08:20:35 INFO ContextCleaner: Cleaned accumulator 135
18/10/13 08:20:35 INFO ContextCleaner: Cleaned accumulator 35
18/10/13 08:20:35 INFO ContextCleaner: Cleaned accumulator 124
18/10/13 08:20:35 INFO ContextCleaner: Cleaned accumulator 119
18/10/13 08:20:35 INFO ContextCleaner: Cleaned accumulator 58
18/10/13 08:20:35 INFO ContextCleaner: Cleaned accumulator 34
18/10/13 08:20:35 INFO ContextCleaner: Cleaned accumulator 129
18/10/13 08:20:35 INFO ContextCleaner: Cleaned accumulator 112
18/10/13 08:20:35 INFO ContextCleaner: Cleaned accumulator 118
18/10/13 08:20:35 INFO ContextCleaner: Cleaned accumulator 143
18/10/13 08:20:35 INFO ContextCleaner: Cleaned accumulator 36
18/10/13 08:20:35 INFO ContextCleaner: Cleaned accumulator 59
18/10/13 08:20:35 INFO ContextCleaner: Cleaned accumulator 137
18/10/13 08:20:35 INFO ContextCleaner: Cleaned accumulator 49
18/10/13 08:20:35 INFO ContextCleaner: Cleaned accumulator 140
18/10/13 08:20:35 INFO ContextCleaner: Cleaned accumulator 48
18/10/13 08:20:35 INFO ContextCleaner: Cleaned accumulator 121
18/10/13 08:20:35 INFO ContextCleaner: Cleaned accumulator 154
18/10/13 08:20:35 INFO ContextCleaner: Cleaned accumulator 151
18/10/13 08:20:35 INFO ContextCleaner: Cleaned accumulator 75
18/10/13 08:20:35 INFO ContextCleaner: Cleaned accumulator 31
18/10/13 08:20:35 INFO ContextCleaner: Cleaned accumulator 74
18/10/13 08:20:35 INFO ContextCleaner: Cleaned accumulator 87
18/10/13 08:20:35 INFO ContextCleaner: Cleaned accumulator 42
18/10/13 08:20:35 INFO ContextCleaner: Cleaned accumulator 44
18/10/13 08:20:35 INFO ContextCleaner: Cleaned accumulator 41
18/10/13 08:20:35 INFO ContextCleaner: Cleaned accumulator 28
18/10/13 08:20:36 INFO BlockManagerInfo: Removed broadcast_1_piece0 on 127.0.0.1:62718 in memory (size: 11.8 KB, free: 366.3 MB)
18/10/13 08:20:36 INFO ContextCleaner: Cleaned accumulator 123
18/10/13 08:20:36 INFO ContextCleaner: Cleaned accumulator 156
18/10/13 08:20:36 INFO ContextCleaner: Cleaned accumulator 80
18/10/13 08:20:36 INFO ContextCleaner: Cleaned accumulator 65
18/10/13 08:20:36 INFO ContextCleaner: Cleaned accumulator 78
18/10/13 08:20:36 INFO ContextCleaner: Cleaned accumulator 157
18/10/13 08:20:36 INFO ContextCleaner: Cleaned accumulator 69
18/10/13 08:20:36 INFO ContextCleaner: Cleaned accumulator 73
18/10/13 08:20:36 INFO ContextCleaner: Cleaned accumulator 114
18/10/13 08:20:36 INFO ContextCleaner: Cleaned accumulator 115
18/10/13 08:20:36 INFO ContextCleaner: Cleaned accumulator 37
18/10/13 08:20:36 INFO ContextCleaner: Cleaned accumulator 76
18/10/13 08:20:36 INFO Executor: Finished task 0.0 in stage 5.0 (TID 5). 2619 bytes result sent to driver
18/10/13 08:20:36 INFO TaskSetManager: Finished task 0.0 in stage 5.0 (TID 5) in 26 ms on localhost (executor driver) (1/1)
18/10/13 08:20:36 INFO DAGScheduler: ResultStage 5 (collect at utils.scala:196) finished in 0.048 s
18/10/13 08:20:36 INFO DAGScheduler: Job 3 finished: collect at utils.scala:196, took 0.050509 s
18/10/13 08:20:36 INFO TaskSchedulerImpl: Removed TaskSet 5.0, whose tasks have all completed, from pool 
18/10/13 08:20:36 INFO BlockManagerInfo: Removed broadcast_4_piece0 on 127.0.0.1:62718 in memory (size: 3.8 KB, free: 366.3 MB)
18/10/13 08:20:36 INFO ContextCleaner: Cleaned accumulator 39
18/10/13 08:20:36 INFO ContextCleaner: Cleaned accumulator 153
18/10/13 08:20:36 INFO ContextCleaner: Cleaned accumulator 81
18/10/13 08:20:36 INFO ContextCleaner: Cleaned accumulator 113
18/10/13 08:20:36 INFO ContextCleaner: Cleaned accumulator 38
18/10/13 08:20:36 INFO ContextCleaner: Cleaned accumulator 149
18/10/13 08:20:36 INFO ContextCleaner: Cleaned accumulator 142
18/10/13 08:20:36 INFO ContextCleaner: Cleaned accumulator 33
18/10/13 08:20:36 INFO ContextCleaner: Cleaned accumulator 128
18/10/13 08:20:36 INFO ContextCleaner: Cleaned accumulator 62
18/10/13 08:20:36 INFO ContextCleaner: Cleaned accumulator 55
18/10/13 08:20:36 INFO ContextCleaner: Cleaned accumulator 155
18/10/13 08:20:36 INFO ContextCleaner: Cleaned accumulator 82
18/10/13 08:20:36 INFO ContextCleaner: Cleaned accumulator 60
18/10/13 08:20:36 INFO ContextCleaner: Cleaned accumulator 145
18/10/13 08:20:36 INFO ContextCleaner: Cleaned accumulator 30
18/10/13 08:20:36 INFO ContextCleaner: Cleaned accumulator 45
18/10/13 08:20:36 INFO ContextCleaner: Cleaned accumulator 117
18/10/13 08:20:36 INFO ContextCleaner: Cleaned accumulator 134
18/10/13 08:20:36 INFO ContextCleaner: Cleaned accumulator 158
18/10/13 08:20:36 INFO ContextCleaner: Cleaned accumulator 132
18/10/13 08:20:36 INFO ContextCleaner: Cleaned accumulator 67
18/10/13 08:20:36 INFO ContextCleaner: Cleaned accumulator 144
18/10/13 08:20:36 INFO ContextCleaner: Cleaned accumulator 110
18/10/13 08:20:36 INFO ContextCleaner: Cleaned accumulator 85
18/10/13 08:20:36 INFO ContextCleaner: Cleaned accumulator 152
18/10/13 08:20:36 INFO ContextCleaner: Cleaned accumulator 91
18/10/13 08:20:36 INFO ContextCleaner: Cleaned accumulator 40
18/10/13 08:20:36 INFO ContextCleaner: Cleaned accumulator 141
18/10/13 08:20:36 INFO ContextCleaner: Cleaned accumulator 111
18/10/13 08:20:36 INFO ContextCleaner: Cleaned accumulator 70
18/10/13 08:20:36 INFO BlockManagerInfo: Removed broadcast_3_piece0 on 127.0.0.1:62718 in memory (size: 11.8 KB, free: 366.3 MB)
18/10/13 08:20:36 INFO ContextCleaner: Cleaned accumulator 56
18/10/13 08:20:36 INFO ContextCleaner: Cleaned accumulator 63
18/10/13 08:20:43 WARN SparkSession$Builder: Using an existing SparkSession; some configuration may not take effect.
18/10/13 08:20:43 INFO CodeGenerator: Code generated in 6.440441 ms
18/10/13 08:20:43 INFO SparkContext: Starting job: collect at utils.scala:43
18/10/13 08:20:43 INFO DAGScheduler: Got job 4 (collect at utils.scala:43) with 1 output partitions
18/10/13 08:20:43 INFO DAGScheduler: Final stage: ResultStage 6 (collect at utils.scala:43)
18/10/13 08:20:43 INFO DAGScheduler: Parents of final stage: List()
18/10/13 08:20:43 INFO DAGScheduler: Missing parents: List()
18/10/13 08:20:43 INFO DAGScheduler: Submitting ResultStage 6 (MapPartitionsRDD[33] at map at utils.scala:40), which has no missing parents
18/10/13 08:20:43 INFO MemoryStore: Block broadcast_6 stored as values in memory (estimated size 5.9 KB, free 366.2 MB)
18/10/13 08:20:43 INFO MemoryStore: Block broadcast_6_piece0 stored as bytes in memory (estimated size 3.3 KB, free 366.2 MB)
18/10/13 08:20:43 INFO BlockManagerInfo: Added broadcast_6_piece0 in memory on 127.0.0.1:62718 (size: 3.3 KB, free: 366.3 MB)
18/10/13 08:20:43 INFO SparkContext: Created broadcast 6 from broadcast at DAGScheduler.scala:1039
18/10/13 08:20:43 INFO DAGScheduler: Submitting 1 missing tasks from ResultStage 6 (MapPartitionsRDD[33] at map at utils.scala:40) (first 15 tasks are for partitions Vector(0))
18/10/13 08:20:43 INFO TaskSchedulerImpl: Adding task set 6.0 with 1 tasks
18/10/13 08:20:43 INFO TaskSetManager: Starting task 0.0 in stage 6.0 (TID 6, localhost, executor driver, partition 0, PROCESS_LOCAL, 8039 bytes)
18/10/13 08:20:43 INFO Executor: Running task 0.0 in stage 6.0 (TID 6)
18/10/13 08:20:43 INFO Executor: Finished task 0.0 in stage 6.0 (TID 6). 893 bytes result sent to driver
18/10/13 08:20:43 INFO TaskSetManager: Finished task 0.0 in stage 6.0 (TID 6) in 5 ms on localhost (executor driver) (1/1)
18/10/13 08:20:43 INFO TaskSchedulerImpl: Removed TaskSet 6.0, whose tasks have all completed, from pool 
18/10/13 08:20:43 INFO DAGScheduler: ResultStage 6 (collect at utils.scala:43) finished in 0.009 s
18/10/13 08:20:43 INFO DAGScheduler: Job 4 finished: collect at utils.scala:43, took 0.011570 s
18/10/13 08:50:28 INFO ContextCleaner: Cleaned accumulator 7
18/10/13 08:50:28 INFO ContextCleaner: Cleaned accumulator 167
18/10/13 08:50:28 INFO ContextCleaner: Cleaned accumulator 208
18/10/13 08:50:28 INFO ContextCleaner: Cleaned accumulator 186
18/10/13 08:50:28 INFO ContextCleaner: Cleaned accumulator 172
18/10/13 08:50:28 INFO ContextCleaner: Cleaned accumulator 200
18/10/13 08:50:28 INFO ContextCleaner: Cleaned accumulator 195
18/10/13 08:50:28 INFO ContextCleaner: Cleaned accumulator 201
18/10/13 08:50:28 INFO ContextCleaner: Cleaned accumulator 205
18/10/13 08:50:28 INFO ContextCleaner: Cleaned accumulator 212
18/10/13 08:50:28 INFO ContextCleaner: Cleaned accumulator 189
18/10/13 08:50:28 INFO ContextCleaner: Cleaned accumulator 193
18/10/13 08:50:28 INFO ContextCleaner: Cleaned accumulator 185
18/10/13 08:50:28 INFO ContextCleaner: Cleaned accumulator 192
18/10/13 08:50:28 INFO ContextCleaner: Cleaned accumulator 180
18/10/13 08:50:28 INFO ContextCleaner: Cleaned accumulator 175
18/10/13 08:50:28 INFO ContextCleaner: Cleaned accumulator 203
18/10/13 08:50:28 INFO ContextCleaner: Cleaned accumulator 191
18/10/13 08:50:28 INFO ContextCleaner: Cleaned accumulator 198
18/10/13 08:50:28 INFO ContextCleaner: Cleaned accumulator 207
18/10/13 08:50:28 INFO ContextCleaner: Cleaned accumulator 177
18/10/13 08:50:28 INFO ContextCleaner: Cleaned accumulator 176
18/10/13 08:50:28 INFO ContextCleaner: Cleaned accumulator 181
18/10/13 08:50:28 INFO ContextCleaner: Cleaned accumulator 165
18/10/13 08:50:28 INFO ContextCleaner: Cleaned accumulator 169
18/10/13 08:50:28 INFO ContextCleaner: Cleaned accumulator 168
18/10/13 08:50:28 INFO ContextCleaner: Cleaned accumulator 209
18/10/13 08:50:28 INFO ContextCleaner: Cleaned accumulator 163
18/10/13 08:50:28 INFO ContextCleaner: Cleaned accumulator 190
18/10/13 08:50:28 INFO ContextCleaner: Cleaned accumulator 182
18/10/13 08:50:28 INFO ContextCleaner: Cleaned accumulator 211
18/10/13 08:50:28 INFO ContextCleaner: Cleaned accumulator 184
18/10/13 08:50:28 INFO ContextCleaner: Cleaned accumulator 183
18/10/13 08:50:28 INFO ContextCleaner: Cleaned accumulator 196
18/10/13 08:50:28 INFO ContextCleaner: Cleaned accumulator 202
18/10/13 08:50:28 INFO ContextCleaner: Cleaned accumulator 170
18/10/13 08:50:28 INFO ContextCleaner: Cleaned accumulator 173
18/10/13 08:50:28 INFO ContextCleaner: Cleaned accumulator 166
18/10/13 08:50:28 INFO ContextCleaner: Cleaned accumulator 197
18/10/13 08:50:28 INFO ContextCleaner: Cleaned accumulator 187
18/10/13 08:50:28 INFO ContextCleaner: Cleaned accumulator 164
18/10/13 08:50:28 INFO ContextCleaner: Cleaned accumulator 206
18/10/13 08:50:28 INFO ContextCleaner: Cleaned accumulator 199
18/10/13 08:50:28 INFO ContextCleaner: Cleaned accumulator 204
18/10/13 08:50:28 INFO ContextCleaner: Cleaned accumulator 174
18/10/13 08:50:28 INFO ContextCleaner: Cleaned accumulator 188
18/10/13 08:50:28 INFO ContextCleaner: Cleaned accumulator 210
18/10/13 08:50:28 INFO BlockManagerInfo: Removed broadcast_6_piece0 on 127.0.0.1:62718 in memory (size: 3.3 KB, free: 366.3 MB)
18/10/13 08:50:28 INFO ContextCleaner: Cleaned accumulator 179
18/10/13 08:50:28 INFO ContextCleaner: Cleaned accumulator 213
18/10/13 08:50:28 INFO ContextCleaner: Cleaned accumulator 171
18/10/13 08:50:28 INFO ContextCleaner: Cleaned accumulator 194
18/10/13 08:50:28 INFO BlockManagerInfo: Removed broadcast_5_piece0 on 127.0.0.1:62718 in memory (size: 10.8 KB, free: 366.3 MB)
18/10/13 08:50:28 INFO ContextCleaner: Cleaned accumulator 178
18/10/13 08:50:28 INFO ContextCleaner: Cleaned accumulator 21
18/10/13 08:50:28 INFO ContextCleaner: Cleaned accumulator 14
18/10/13 08:50:28 INFO ContextCleaner: Cleaned accumulator 3
18/10/13 08:50:28 INFO ContextCleaner: Cleaned accumulator 8
18/10/13 08:50:28 INFO ContextCleaner: Cleaned accumulator 16
18/10/13 08:50:28 INFO ContextCleaner: Cleaned accumulator 22
18/10/13 08:50:28 INFO ContextCleaner: Cleaned accumulator 9
18/10/13 08:50:28 INFO ContextCleaner: Cleaned accumulator 5
18/10/13 08:50:28 INFO ContextCleaner: Cleaned accumulator 1
18/10/13 08:50:28 INFO ContextCleaner: Cleaned accumulator 20
18/10/13 08:50:28 INFO ContextCleaner: Cleaned accumulator 15
18/10/13 08:50:28 INFO ContextCleaner: Cleaned accumulator 17
18/10/13 08:50:28 INFO ContextCleaner: Cleaned accumulator 0
18/10/13 08:50:28 INFO ContextCleaner: Cleaned accumulator 18
18/10/13 08:50:28 INFO ContextCleaner: Cleaned accumulator 23
18/10/13 08:50:28 INFO ContextCleaner: Cleaned accumulator 12
18/10/13 08:50:28 INFO ContextCleaner: Cleaned accumulator 2
18/10/13 08:50:28 INFO ContextCleaner: Cleaned accumulator 6
18/10/13 08:50:28 INFO ContextCleaner: Cleaned accumulator 24
18/10/13 08:50:28 INFO ContextCleaner: Cleaned accumulator 11
18/10/13 08:50:28 INFO ContextCleaner: Cleaned accumulator 13
18/10/13 08:50:28 INFO ContextCleaner: Cleaned accumulator 25
18/10/13 08:50:28 INFO ContextCleaner: Cleaned accumulator 4
18/10/13 08:50:28 INFO ContextCleaner: Cleaned accumulator 10
18/10/13 08:50:28 INFO ContextCleaner: Cleaned accumulator 19
18/10/13 09:02:35 WARN SparkSession$Builder: Using an existing SparkSession; some configuration may not take effect.
18/10/13 09:02:35 WARN SparkSession$Builder: Using an existing SparkSession; some configuration may not take effect.
18/10/13 09:02:35 WARN SparkSession$Builder: Using an existing SparkSession; some configuration may not take effect.
18/10/13 09:02:35 WARN SparkSession$Builder: Using an existing SparkSession; some configuration may not take effect.
18/10/13 09:02:35 WARN SparkSession$Builder: Using an existing SparkSession; some configuration may not take effect.
18/10/13 09:02:35 WARN SparkSession$Builder: Using an existing SparkSession; some configuration may not take effect.
18/10/13 09:02:36 INFO SparkContext: Starting job: collect at utils.scala:196
18/10/13 09:02:36 INFO DAGScheduler: Got job 5 (collect at utils.scala:196) with 1 output partitions
18/10/13 09:02:36 INFO DAGScheduler: Final stage: ResultStage 7 (collect at utils.scala:196)
18/10/13 09:02:36 INFO DAGScheduler: Parents of final stage: List()
18/10/13 09:02:36 INFO DAGScheduler: Missing parents: List()
18/10/13 09:02:36 INFO DAGScheduler: Submitting ResultStage 7 (MapPartitionsRDD[38] at collect at utils.scala:196), which has no missing parents
18/10/13 09:02:36 INFO MemoryStore: Block broadcast_7 stored as values in memory (estimated size 31.0 KB, free 366.3 MB)
18/10/13 09:02:36 INFO MemoryStore: Block broadcast_7_piece0 stored as bytes in memory (estimated size 10.8 KB, free 366.3 MB)
18/10/13 09:02:36 INFO BlockManagerInfo: Added broadcast_7_piece0 in memory on 127.0.0.1:62718 (size: 10.8 KB, free: 366.3 MB)
18/10/13 09:02:36 INFO SparkContext: Created broadcast 7 from broadcast at DAGScheduler.scala:1039
18/10/13 09:02:36 INFO DAGScheduler: Submitting 1 missing tasks from ResultStage 7 (MapPartitionsRDD[38] at collect at utils.scala:196) (first 15 tasks are for partitions Vector(0))
18/10/13 09:02:36 INFO TaskSchedulerImpl: Adding task set 7.0 with 1 tasks
18/10/13 09:02:36 INFO TaskSetManager: Starting task 0.0 in stage 7.0 (TID 7, localhost, executor driver, partition 0, PROCESS_LOCAL, 9155 bytes)
18/10/13 09:02:36 INFO Executor: Running task 0.0 in stage 7.0 (TID 7)
18/10/13 09:02:36 INFO BlockManager: Found block rdd_9_0 locally
18/10/13 09:02:36 INFO Executor: Finished task 0.0 in stage 7.0 (TID 7). 2576 bytes result sent to driver
18/10/13 09:02:36 INFO TaskSetManager: Finished task 0.0 in stage 7.0 (TID 7) in 35 ms on localhost (executor driver) (1/1)
18/10/13 09:02:36 INFO TaskSchedulerImpl: Removed TaskSet 7.0, whose tasks have all completed, from pool 
18/10/13 09:02:36 INFO DAGScheduler: ResultStage 7 (collect at utils.scala:196) finished in 0.078 s
18/10/13 09:02:36 INFO DAGScheduler: Job 5 finished: collect at utils.scala:196, took 0.081306 s
18/10/13 09:06:15 WARN SparkSession$Builder: Using an existing SparkSession; some configuration may not take effect.
18/10/13 09:06:44 WARN SparkSession$Builder: Using an existing SparkSession; some configuration may not take effect.
18/10/13 09:06:44 INFO SparkContext: Starting job: collect at utils.scala:43
18/10/13 09:06:44 INFO DAGScheduler: Got job 6 (collect at utils.scala:43) with 1 output partitions
18/10/13 09:06:44 INFO DAGScheduler: Final stage: ResultStage 8 (collect at utils.scala:43)
18/10/13 09:06:44 INFO DAGScheduler: Parents of final stage: List()
18/10/13 09:06:44 INFO DAGScheduler: Missing parents: List()
18/10/13 09:06:44 INFO DAGScheduler: Submitting ResultStage 8 (MapPartitionsRDD[43] at map at utils.scala:40), which has no missing parents
18/10/13 09:06:44 INFO MemoryStore: Block broadcast_8 stored as values in memory (estimated size 5.9 KB, free 366.2 MB)
18/10/13 09:06:44 INFO MemoryStore: Block broadcast_8_piece0 stored as bytes in memory (estimated size 3.3 KB, free 366.2 MB)
18/10/13 09:06:44 INFO BlockManagerInfo: Added broadcast_8_piece0 in memory on 127.0.0.1:62718 (size: 3.3 KB, free: 366.3 MB)
18/10/13 09:06:44 INFO SparkContext: Created broadcast 8 from broadcast at DAGScheduler.scala:1039
18/10/13 09:06:44 INFO DAGScheduler: Submitting 1 missing tasks from ResultStage 8 (MapPartitionsRDD[43] at map at utils.scala:40) (first 15 tasks are for partitions Vector(0))
18/10/13 09:06:44 INFO TaskSchedulerImpl: Adding task set 8.0 with 1 tasks
18/10/13 09:06:44 INFO TaskSetManager: Starting task 0.0 in stage 8.0 (TID 8, localhost, executor driver, partition 0, PROCESS_LOCAL, 8039 bytes)
18/10/13 09:06:44 INFO Executor: Running task 0.0 in stage 8.0 (TID 8)
18/10/13 09:06:44 INFO Executor: Finished task 0.0 in stage 8.0 (TID 8). 893 bytes result sent to driver
18/10/13 09:06:45 INFO TaskSetManager: Finished task 0.0 in stage 8.0 (TID 8) in 8 ms on localhost (executor driver) (1/1)
18/10/13 09:06:45 INFO DAGScheduler: ResultStage 8 (collect at utils.scala:43) finished in 0.014 s
18/10/13 09:06:45 INFO DAGScheduler: Job 6 finished: collect at utils.scala:43, took 0.015636 s
18/10/13 09:06:45 INFO TaskSchedulerImpl: Removed TaskSet 8.0, whose tasks have all completed, from pool 
18/10/13 09:06:45 WARN SparkSession$Builder: Using an existing SparkSession; some configuration may not take effect.
18/10/13 09:06:45 INFO MapPartitionsRDD: Removing RDD 9 from persistence list
18/10/13 09:06:45 INFO BlockManager: Removing RDD 9
18/10/13 09:06:45 WARN SparkSession$Builder: Using an existing SparkSession; some configuration may not take effect.
18/10/13 09:06:45 WARN SparkSession$Builder: Using an existing SparkSession; some configuration may not take effect.
18/10/13 09:06:45 INFO SparkContext: Starting job: sql at <unknown>:0
18/10/13 09:06:45 INFO DAGScheduler: Registering RDD 52 (sql at <unknown>:0)
18/10/13 09:06:45 INFO DAGScheduler: Got job 7 (sql at <unknown>:0) with 1 output partitions
18/10/13 09:06:45 INFO DAGScheduler: Final stage: ResultStage 10 (sql at <unknown>:0)
18/10/13 09:06:45 INFO DAGScheduler: Parents of final stage: List(ShuffleMapStage 9)
18/10/13 09:06:45 INFO DAGScheduler: Missing parents: List(ShuffleMapStage 9)
18/10/13 09:06:45 INFO DAGScheduler: Submitting ShuffleMapStage 9 (MapPartitionsRDD[52] at sql at <unknown>:0), which has no missing parents
18/10/13 09:06:45 INFO MemoryStore: Block broadcast_9 stored as values in memory (estimated size 28.4 KB, free 366.2 MB)
18/10/13 09:06:45 INFO MemoryStore: Block broadcast_9_piece0 stored as bytes in memory (estimated size 11.8 KB, free 366.2 MB)
18/10/13 09:06:45 INFO BlockManagerInfo: Added broadcast_9_piece0 in memory on 127.0.0.1:62718 (size: 11.8 KB, free: 366.3 MB)
18/10/13 09:06:45 INFO SparkContext: Created broadcast 9 from broadcast at DAGScheduler.scala:1039
18/10/13 09:06:45 INFO DAGScheduler: Submitting 1 missing tasks from ShuffleMapStage 9 (MapPartitionsRDD[52] at sql at <unknown>:0) (first 15 tasks are for partitions Vector(0))
18/10/13 09:06:45 INFO TaskSchedulerImpl: Adding task set 9.0 with 1 tasks
18/10/13 09:06:45 INFO TaskSetManager: Starting task 0.0 in stage 9.0 (TID 9, localhost, executor driver, partition 0, PROCESS_LOCAL, 9144 bytes)
18/10/13 09:06:45 INFO Executor: Running task 0.0 in stage 9.0 (TID 9)
18/10/13 09:06:45 INFO MemoryStore: Block rdd_48_0 stored as values in memory (estimated size 4.2 KB, free 366.2 MB)
18/10/13 09:06:45 INFO BlockManagerInfo: Added rdd_48_0 in memory on 127.0.0.1:62718 (size: 4.2 KB, free: 366.3 MB)
18/10/13 09:06:45 INFO Executor: Finished task 0.0 in stage 9.0 (TID 9). 1889 bytes result sent to driver
18/10/13 09:06:45 INFO TaskSetManager: Finished task 0.0 in stage 9.0 (TID 9) in 24 ms on localhost (executor driver) (1/1)
18/10/13 09:06:45 INFO DAGScheduler: ShuffleMapStage 9 (sql at <unknown>:0) finished in 0.032 s
18/10/13 09:06:45 INFO DAGScheduler: looking for newly runnable stages
18/10/13 09:06:45 INFO DAGScheduler: running: Set()
18/10/13 09:06:45 INFO DAGScheduler: waiting: Set(ResultStage 10)
18/10/13 09:06:45 INFO DAGScheduler: failed: Set()
18/10/13 09:06:45 INFO DAGScheduler: Submitting ResultStage 10 (MapPartitionsRDD[55] at sql at <unknown>:0), which has no missing parents
18/10/13 09:06:45 INFO TaskSchedulerImpl: Removed TaskSet 9.0, whose tasks have all completed, from pool 
18/10/13 09:06:45 INFO MemoryStore: Block broadcast_10 stored as values in memory (estimated size 7.3 KB, free 366.2 MB)
18/10/13 09:06:45 INFO MemoryStore: Block broadcast_10_piece0 stored as bytes in memory (estimated size 3.8 KB, free 366.2 MB)
18/10/13 09:06:45 INFO BlockManagerInfo: Added broadcast_10_piece0 in memory on 127.0.0.1:62718 (size: 3.8 KB, free: 366.3 MB)
18/10/13 09:06:45 INFO SparkContext: Created broadcast 10 from broadcast at DAGScheduler.scala:1039
18/10/13 09:06:45 INFO DAGScheduler: Submitting 1 missing tasks from ResultStage 10 (MapPartitionsRDD[55] at sql at <unknown>:0) (first 15 tasks are for partitions Vector(0))
18/10/13 09:06:45 INFO TaskSchedulerImpl: Adding task set 10.0 with 1 tasks
18/10/13 09:06:45 INFO TaskSetManager: Starting task 0.0 in stage 10.0 (TID 10, localhost, executor driver, partition 0, ANY, 7754 bytes)
18/10/13 09:06:45 INFO Executor: Running task 0.0 in stage 10.0 (TID 10)
18/10/13 09:06:45 INFO ShuffleBlockFetcherIterator: Getting 1 non-empty blocks out of 1 blocks
18/10/13 09:06:45 INFO ShuffleBlockFetcherIterator: Started 0 remote fetches in 0 ms
18/10/13 09:06:45 INFO Executor: Finished task 0.0 in stage 10.0 (TID 10). 1782 bytes result sent to driver
18/10/13 09:06:45 INFO TaskSetManager: Finished task 0.0 in stage 10.0 (TID 10) in 6 ms on localhost (executor driver) (1/1)
18/10/13 09:06:45 INFO TaskSchedulerImpl: Removed TaskSet 10.0, whose tasks have all completed, from pool 
18/10/13 09:06:45 INFO DAGScheduler: ResultStage 10 (sql at <unknown>:0) finished in 0.011 s
18/10/13 09:06:45 INFO DAGScheduler: Job 7 finished: sql at <unknown>:0, took 0.045990 s
18/10/13 09:06:45 WARN SparkSession$Builder: Using an existing SparkSession; some configuration may not take effect.
18/10/13 09:06:45 INFO SparkContext: Starting job: collect at utils.scala:196
18/10/13 09:06:45 INFO DAGScheduler: Registering RDD 59 (collect at utils.scala:196)
18/10/13 09:06:45 INFO DAGScheduler: Got job 8 (collect at utils.scala:196) with 1 output partitions
18/10/13 09:06:45 INFO DAGScheduler: Final stage: ResultStage 12 (collect at utils.scala:196)
18/10/13 09:06:45 INFO DAGScheduler: Parents of final stage: List(ShuffleMapStage 11)
18/10/13 09:06:45 INFO DAGScheduler: Missing parents: List(ShuffleMapStage 11)
18/10/13 09:06:45 INFO DAGScheduler: Submitting ShuffleMapStage 11 (MapPartitionsRDD[59] at collect at utils.scala:196), which has no missing parents
18/10/13 09:06:45 INFO MemoryStore: Block broadcast_11 stored as values in memory (estimated size 28.4 KB, free 366.2 MB)
18/10/13 09:06:45 INFO MemoryStore: Block broadcast_11_piece0 stored as bytes in memory (estimated size 11.8 KB, free 366.2 MB)
18/10/13 09:06:45 INFO BlockManagerInfo: Added broadcast_11_piece0 in memory on 127.0.0.1:62718 (size: 11.8 KB, free: 366.3 MB)
18/10/13 09:06:45 INFO SparkContext: Created broadcast 11 from broadcast at DAGScheduler.scala:1039
18/10/13 09:06:45 INFO DAGScheduler: Submitting 1 missing tasks from ShuffleMapStage 11 (MapPartitionsRDD[59] at collect at utils.scala:196) (first 15 tasks are for partitions Vector(0))
18/10/13 09:06:45 INFO TaskSchedulerImpl: Adding task set 11.0 with 1 tasks
18/10/13 09:06:45 INFO TaskSetManager: Starting task 0.0 in stage 11.0 (TID 11, localhost, executor driver, partition 0, PROCESS_LOCAL, 9144 bytes)
18/10/13 09:06:45 INFO Executor: Running task 0.0 in stage 11.0 (TID 11)
18/10/13 09:06:45 INFO BlockManager: Found block rdd_48_0 locally
18/10/13 09:06:45 INFO Executor: Finished task 0.0 in stage 11.0 (TID 11). 1975 bytes result sent to driver
18/10/13 09:06:45 INFO TaskSetManager: Finished task 0.0 in stage 11.0 (TID 11) in 10 ms on localhost (executor driver) (1/1)
18/10/13 09:06:45 INFO DAGScheduler: ShuffleMapStage 11 (collect at utils.scala:196) finished in 0.015 s
18/10/13 09:06:45 INFO DAGScheduler: looking for newly runnable stages
18/10/13 09:06:45 INFO DAGScheduler: running: Set()
18/10/13 09:06:45 INFO DAGScheduler: waiting: Set(ResultStage 12)
18/10/13 09:06:45 INFO DAGScheduler: failed: Set()
18/10/13 09:06:45 INFO DAGScheduler: Submitting ResultStage 12 (MapPartitionsRDD[62] at collect at utils.scala:196), which has no missing parents
18/10/13 09:06:45 INFO TaskSchedulerImpl: Removed TaskSet 11.0, whose tasks have all completed, from pool 
18/10/13 09:06:45 INFO MemoryStore: Block broadcast_12 stored as values in memory (estimated size 7.3 KB, free 366.1 MB)
18/10/13 09:06:45 INFO MemoryStore: Block broadcast_12_piece0 stored as bytes in memory (estimated size 3.8 KB, free 366.1 MB)
18/10/13 09:06:45 INFO BlockManagerInfo: Added broadcast_12_piece0 in memory on 127.0.0.1:62718 (size: 3.8 KB, free: 366.3 MB)
18/10/13 09:06:45 INFO SparkContext: Created broadcast 12 from broadcast at DAGScheduler.scala:1039
18/10/13 09:06:45 INFO DAGScheduler: Submitting 1 missing tasks from ResultStage 12 (MapPartitionsRDD[62] at collect at utils.scala:196) (first 15 tasks are for partitions Vector(0))
18/10/13 09:06:45 INFO TaskSchedulerImpl: Adding task set 12.0 with 1 tasks
18/10/13 09:06:45 INFO TaskSetManager: Starting task 0.0 in stage 12.0 (TID 12, localhost, executor driver, partition 0, ANY, 7754 bytes)
18/10/13 09:06:45 INFO Executor: Running task 0.0 in stage 12.0 (TID 12)
18/10/13 09:06:45 INFO ShuffleBlockFetcherIterator: Getting 1 non-empty blocks out of 1 blocks
18/10/13 09:06:45 INFO ShuffleBlockFetcherIterator: Started 0 remote fetches in 0 ms
18/10/13 09:06:45 INFO Executor: Finished task 0.0 in stage 12.0 (TID 12). 1696 bytes result sent to driver
18/10/13 09:06:45 INFO TaskSetManager: Finished task 0.0 in stage 12.0 (TID 12) in 5 ms on localhost (executor driver) (1/1)
18/10/13 09:06:45 INFO DAGScheduler: ResultStage 12 (collect at utils.scala:196) finished in 0.011 s
18/10/13 09:06:45 INFO DAGScheduler: Job 8 finished: collect at utils.scala:196, took 0.028693 s
18/10/13 09:06:45 INFO TaskSchedulerImpl: Removed TaskSet 12.0, whose tasks have all completed, from pool 
18/10/13 09:06:45 WARN SparkSession$Builder: Using an existing SparkSession; some configuration may not take effect.
18/10/13 09:06:45 WARN SparkSession$Builder: Using an existing SparkSession; some configuration may not take effect.
18/10/13 09:06:46 WARN SparkSession$Builder: Using an existing SparkSession; some configuration may not take effect.
18/10/13 09:06:46 WARN SparkSession$Builder: Using an existing SparkSession; some configuration may not take effect.
18/10/13 09:06:46 WARN SparkSession$Builder: Using an existing SparkSession; some configuration may not take effect.
18/10/13 09:06:46 WARN SparkSession$Builder: Using an existing SparkSession; some configuration may not take effect.
18/10/13 09:06:46 WARN SparkSession$Builder: Using an existing SparkSession; some configuration may not take effect.
18/10/13 09:06:46 WARN SparkSession$Builder: Using an existing SparkSession; some configuration may not take effect.
18/10/13 09:06:46 INFO SparkContext: Starting job: collect at utils.scala:196
18/10/13 09:06:46 INFO DAGScheduler: Got job 9 (collect at utils.scala:196) with 1 output partitions
18/10/13 09:06:46 INFO DAGScheduler: Final stage: ResultStage 13 (collect at utils.scala:196)
18/10/13 09:06:46 INFO DAGScheduler: Parents of final stage: List()
18/10/13 09:06:46 INFO DAGScheduler: Missing parents: List()
18/10/13 09:06:46 INFO DAGScheduler: Submitting ResultStage 13 (MapPartitionsRDD[67] at collect at utils.scala:196), which has no missing parents
18/10/13 09:06:46 INFO MemoryStore: Block broadcast_13 stored as values in memory (estimated size 31.0 KB, free 366.1 MB)
18/10/13 09:06:46 INFO MemoryStore: Block broadcast_13_piece0 stored as bytes in memory (estimated size 10.8 KB, free 366.1 MB)
18/10/13 09:06:46 INFO BlockManagerInfo: Added broadcast_13_piece0 in memory on 127.0.0.1:62718 (size: 10.8 KB, free: 366.2 MB)
18/10/13 09:06:46 INFO SparkContext: Created broadcast 13 from broadcast at DAGScheduler.scala:1039
18/10/13 09:06:46 INFO DAGScheduler: Submitting 1 missing tasks from ResultStage 13 (MapPartitionsRDD[67] at collect at utils.scala:196) (first 15 tasks are for partitions Vector(0))
18/10/13 09:06:46 INFO TaskSchedulerImpl: Adding task set 13.0 with 1 tasks
18/10/13 09:06:46 INFO TaskSetManager: Starting task 0.0 in stage 13.0 (TID 13, localhost, executor driver, partition 0, PROCESS_LOCAL, 9155 bytes)
18/10/13 09:06:46 INFO Executor: Running task 0.0 in stage 13.0 (TID 13)
18/10/13 09:06:46 INFO BlockManager: Found block rdd_48_0 locally
18/10/13 09:06:46 INFO Executor: Finished task 0.0 in stage 13.0 (TID 13). 2576 bytes result sent to driver
18/10/13 09:06:46 INFO TaskSetManager: Finished task 0.0 in stage 13.0 (TID 13) in 4 ms on localhost (executor driver) (1/1)
18/10/13 09:06:46 INFO TaskSchedulerImpl: Removed TaskSet 13.0, whose tasks have all completed, from pool 
18/10/13 09:06:46 INFO DAGScheduler: ResultStage 13 (collect at utils.scala:196) finished in 0.010 s
18/10/13 09:06:46 INFO DAGScheduler: Job 9 finished: collect at utils.scala:196, took 0.011655 s
18/10/13 09:06:56 WARN SparkSession$Builder: Using an existing SparkSession; some configuration may not take effect.
18/10/13 09:08:24 WARN SparkSession$Builder: Using an existing SparkSession; some configuration may not take effect.
18/10/13 09:08:24 INFO SparkContext: Starting job: collect at utils.scala:43
18/10/13 09:08:24 INFO DAGScheduler: Got job 10 (collect at utils.scala:43) with 1 output partitions
18/10/13 09:08:24 INFO DAGScheduler: Final stage: ResultStage 14 (collect at utils.scala:43)
18/10/13 09:08:24 INFO DAGScheduler: Parents of final stage: List()
18/10/13 09:08:24 INFO DAGScheduler: Missing parents: List()
18/10/13 09:08:24 INFO DAGScheduler: Submitting ResultStage 14 (MapPartitionsRDD[72] at map at utils.scala:40), which has no missing parents
18/10/13 09:08:24 INFO MemoryStore: Block broadcast_14 stored as values in memory (estimated size 5.9 KB, free 366.1 MB)
18/10/13 09:08:24 INFO MemoryStore: Block broadcast_14_piece0 stored as bytes in memory (estimated size 3.3 KB, free 366.1 MB)
18/10/13 09:08:24 INFO BlockManagerInfo: Added broadcast_14_piece0 in memory on 127.0.0.1:62718 (size: 3.3 KB, free: 366.2 MB)
18/10/13 09:08:24 INFO SparkContext: Created broadcast 14 from broadcast at DAGScheduler.scala:1039
18/10/13 09:08:24 INFO DAGScheduler: Submitting 1 missing tasks from ResultStage 14 (MapPartitionsRDD[72] at map at utils.scala:40) (first 15 tasks are for partitions Vector(0))
18/10/13 09:08:24 INFO TaskSchedulerImpl: Adding task set 14.0 with 1 tasks
18/10/13 09:08:24 INFO TaskSetManager: Starting task 0.0 in stage 14.0 (TID 14, localhost, executor driver, partition 0, PROCESS_LOCAL, 8039 bytes)
18/10/13 09:08:24 INFO Executor: Running task 0.0 in stage 14.0 (TID 14)
18/10/13 09:08:24 INFO Executor: Finished task 0.0 in stage 14.0 (TID 14). 893 bytes result sent to driver
18/10/13 09:08:24 INFO TaskSetManager: Finished task 0.0 in stage 14.0 (TID 14) in 4 ms on localhost (executor driver) (1/1)
18/10/13 09:08:24 INFO TaskSchedulerImpl: Removed TaskSet 14.0, whose tasks have all completed, from pool 
18/10/13 09:08:24 INFO DAGScheduler: ResultStage 14 (collect at utils.scala:43) finished in 0.011 s
18/10/13 09:08:24 INFO DAGScheduler: Job 10 finished: collect at utils.scala:43, took 0.012863 s
18/10/13 09:08:55 WARN SparkSession$Builder: Using an existing SparkSession; some configuration may not take effect.
18/10/13 09:10:13 WARN SparkSession$Builder: Using an existing SparkSession; some configuration may not take effect.
18/10/13 09:10:16 WARN SparkSession$Builder: Using an existing SparkSession; some configuration may not take effect.
18/10/13 09:11:46 WARN SparkSession$Builder: Using an existing SparkSession; some configuration may not take effect.
18/10/13 09:11:48 WARN SparkSession$Builder: Using an existing SparkSession; some configuration may not take effect.
18/10/13 09:19:09 WARN SparkSession$Builder: Using an existing SparkSession; some configuration may not take effect.
18/10/13 09:19:09 INFO SparkContext: Starting job: collect at utils.scala:43
18/10/13 09:19:09 INFO DAGScheduler: Got job 11 (collect at utils.scala:43) with 1 output partitions
18/10/13 09:19:09 INFO DAGScheduler: Final stage: ResultStage 15 (collect at utils.scala:43)
18/10/13 09:19:09 INFO DAGScheduler: Parents of final stage: List()
18/10/13 09:19:09 INFO DAGScheduler: Missing parents: List()
18/10/13 09:19:09 INFO DAGScheduler: Submitting ResultStage 15 (MapPartitionsRDD[77] at map at utils.scala:40), which has no missing parents
18/10/13 09:19:09 INFO MemoryStore: Block broadcast_15 stored as values in memory (estimated size 5.9 KB, free 366.1 MB)
18/10/13 09:19:09 INFO MemoryStore: Block broadcast_15_piece0 stored as bytes in memory (estimated size 3.3 KB, free 366.1 MB)
18/10/13 09:19:09 INFO BlockManagerInfo: Added broadcast_15_piece0 in memory on 127.0.0.1:62718 (size: 3.3 KB, free: 366.2 MB)
18/10/13 09:19:09 INFO SparkContext: Created broadcast 15 from broadcast at DAGScheduler.scala:1039
18/10/13 09:19:09 INFO DAGScheduler: Submitting 1 missing tasks from ResultStage 15 (MapPartitionsRDD[77] at map at utils.scala:40) (first 15 tasks are for partitions Vector(0))
18/10/13 09:19:09 INFO TaskSchedulerImpl: Adding task set 15.0 with 1 tasks
18/10/13 09:19:09 INFO TaskSetManager: Starting task 0.0 in stage 15.0 (TID 15, localhost, executor driver, partition 0, PROCESS_LOCAL, 8039 bytes)
18/10/13 09:19:09 INFO Executor: Running task 0.0 in stage 15.0 (TID 15)
18/10/13 09:19:09 INFO Executor: Finished task 0.0 in stage 15.0 (TID 15). 936 bytes result sent to driver
18/10/13 09:19:09 INFO TaskSetManager: Finished task 0.0 in stage 15.0 (TID 15) in 6 ms on localhost (executor driver) (1/1)
18/10/13 09:19:09 INFO DAGScheduler: ResultStage 15 (collect at utils.scala:43) finished in 0.010 s
18/10/13 09:19:09 INFO DAGScheduler: Job 11 finished: collect at utils.scala:43, took 0.011995 s
18/10/13 09:19:09 INFO TaskSchedulerImpl: Removed TaskSet 15.0, whose tasks have all completed, from pool 
18/10/13 09:19:09 WARN SparkSession$Builder: Using an existing SparkSession; some configuration may not take effect.
18/10/13 09:19:09 WARN SparkSession$Builder: Using an existing SparkSession; some configuration may not take effect.
18/10/13 09:19:09 INFO CodeGenerator: Code generated in 9.963551 ms
18/10/13 09:19:09 INFO SparkContext: Starting job: sql at <unknown>:0
18/10/13 09:19:09 INFO DAGScheduler: Registering RDD 87 (sql at <unknown>:0)
18/10/13 09:19:09 INFO DAGScheduler: Got job 12 (sql at <unknown>:0) with 1 output partitions
18/10/13 09:19:09 INFO DAGScheduler: Final stage: ResultStage 17 (sql at <unknown>:0)
18/10/13 09:19:09 INFO DAGScheduler: Parents of final stage: List(ShuffleMapStage 16)
18/10/13 09:19:09 INFO DAGScheduler: Missing parents: List(ShuffleMapStage 16)
18/10/13 09:19:09 INFO DAGScheduler: Submitting ShuffleMapStage 16 (MapPartitionsRDD[87] at sql at <unknown>:0), which has no missing parents
18/10/13 09:19:09 INFO MemoryStore: Block broadcast_16 stored as values in memory (estimated size 25.7 KB, free 366.1 MB)
18/10/13 09:19:09 INFO MemoryStore: Block broadcast_16_piece0 stored as bytes in memory (estimated size 10.7 KB, free 366.1 MB)
18/10/13 09:19:09 INFO BlockManagerInfo: Added broadcast_16_piece0 in memory on 127.0.0.1:62718 (size: 10.7 KB, free: 366.2 MB)
18/10/13 09:19:09 INFO SparkContext: Created broadcast 16 from broadcast at DAGScheduler.scala:1039
18/10/13 09:19:09 INFO DAGScheduler: Submitting 1 missing tasks from ShuffleMapStage 16 (MapPartitionsRDD[87] at sql at <unknown>:0) (first 15 tasks are for partitions Vector(0))
18/10/13 09:19:09 INFO TaskSchedulerImpl: Adding task set 16.0 with 1 tasks
18/10/13 09:19:09 WARN TaskSetManager: Stage 16 contains a task of very large size (200 KB). The maximum recommended task size is 100 KB.
18/10/13 09:19:09 INFO TaskSetManager: Starting task 0.0 in stage 16.0 (TID 16, localhost, executor driver, partition 0, PROCESS_LOCAL, 204808 bytes)
18/10/13 09:19:09 INFO Executor: Running task 0.0 in stage 16.0 (TID 16)
18/10/13 09:19:09 INFO CodeGenerator: Code generated in 11.471995 ms
18/10/13 09:19:09 INFO CodeGenerator: Code generated in 62.552416 ms
18/10/13 09:19:09 WARN BlockManager: Putting block rdd_82_0 failed due to exception java.lang.ArrayIndexOutOfBoundsException: 11.
18/10/13 09:19:09 WARN BlockManager: Block rdd_82_0 could not be removed as it was not found on disk or in memory
18/10/13 09:19:09 ERROR Executor: Exception in task 0.0 in stage 16.0 (TID 16)
java.lang.ArrayIndexOutOfBoundsException: 11
	at sparklyr.Utils$$anonfun$13$$anonfun$14.apply(utils.scala:363)
	at sparklyr.Utils$$anonfun$13$$anonfun$14.apply(utils.scala:362)
	at scala.collection.TraversableLike$$anonfun$map$1.apply(TraversableLike.scala:234)
	at scala.collection.TraversableLike$$anonfun$map$1.apply(TraversableLike.scala:234)
	at scala.collection.IndexedSeqOptimized$class.foreach(IndexedSeqOptimized.scala:33)
	at scala.collection.mutable.ArrayOps$ofInt.foreach(ArrayOps.scala:234)
	at scala.collection.TraversableLike$class.map(TraversableLike.scala:234)
	at scala.collection.mutable.ArrayOps$ofInt.map(ArrayOps.scala:234)
	at sparklyr.Utils$$anonfun$13.apply(utils.scala:362)
	at sparklyr.Utils$$anonfun$13.apply(utils.scala:360)
	at scala.collection.Iterator$$anon$11.next(Iterator.scala:409)
	at scala.collection.Iterator$$anon$11.next(Iterator.scala:409)
	at scala.collection.Iterator$$anon$11.next(Iterator.scala:409)
	at org.apache.spark.sql.execution.columnar.InMemoryRelation$$anonfun$1$$anon$1.next(InMemoryRelation.scala:108)
	at org.apache.spark.sql.execution.columnar.InMemoryRelation$$anonfun$1$$anon$1.next(InMemoryRelation.scala:98)
	at org.apache.spark.storage.memory.MemoryStore.putIteratorAsValues(MemoryStore.scala:217)
	at org.apache.spark.storage.BlockManager$$anonfun$doPutIterator$1.apply(BlockManager.scala:1092)
	at org.apache.spark.storage.BlockManager$$anonfun$doPutIterator$1.apply(BlockManager.scala:1083)
	at org.apache.spark.storage.BlockManager.doPut(BlockManager.scala:1018)
	at org.apache.spark.storage.BlockManager.doPutIterator(BlockManager.scala:1083)
	at org.apache.spark.storage.BlockManager.getOrElseUpdate(BlockManager.scala:809)
	at org.apache.spark.rdd.RDD.getOrCompute(RDD.scala:335)
	at org.apache.spark.rdd.RDD.iterator(RDD.scala:286)
	at org.apache.spark.rdd.MapPartitionsRDD.compute(MapPartitionsRDD.scala:38)
	at org.apache.spark.rdd.RDD.computeOrReadCheckpoint(RDD.scala:324)
	at org.apache.spark.rdd.RDD.iterator(RDD.scala:288)
	at org.apache.spark.rdd.MapPartitionsRDD.compute(MapPartitionsRDD.scala:38)
	at org.apache.spark.rdd.RDD.computeOrReadCheckpoint(RDD.scala:324)
	at org.apache.spark.rdd.RDD.iterator(RDD.scala:288)
	at org.apache.spark.rdd.MapPartitionsRDD.compute(MapPartitionsRDD.scala:38)
	at org.apache.spark.rdd.RDD.computeOrReadCheckpoint(RDD.scala:324)
	at org.apache.spark.rdd.RDD.iterator(RDD.scala:288)
	at org.apache.spark.rdd.MapPartitionsRDD.compute(MapPartitionsRDD.scala:38)
	at org.apache.spark.rdd.RDD.computeOrReadCheckpoint(RDD.scala:324)
	at org.apache.spark.rdd.RDD.iterator(RDD.scala:288)
	at org.apache.spark.scheduler.ShuffleMapTask.runTask(ShuffleMapTask.scala:96)
	at org.apache.spark.scheduler.ShuffleMapTask.runTask(ShuffleMapTask.scala:53)
	at org.apache.spark.scheduler.Task.run(Task.scala:109)
	at org.apache.spark.executor.Executor$TaskRunner.run(Executor.scala:345)
	at java.util.concurrent.ThreadPoolExecutor.runWorker(Unknown Source)
	at java.util.concurrent.ThreadPoolExecutor$Worker.run(Unknown Source)
	at java.lang.Thread.run(Unknown Source)
18/10/13 09:19:09 WARN TaskSetManager: Lost task 0.0 in stage 16.0 (TID 16, localhost, executor driver): java.lang.ArrayIndexOutOfBoundsException: 11
	at sparklyr.Utils$$anonfun$13$$anonfun$14.apply(utils.scala:363)
	at sparklyr.Utils$$anonfun$13$$anonfun$14.apply(utils.scala:362)
	at scala.collection.TraversableLike$$anonfun$map$1.apply(TraversableLike.scala:234)
	at scala.collection.TraversableLike$$anonfun$map$1.apply(TraversableLike.scala:234)
	at scala.collection.IndexedSeqOptimized$class.foreach(IndexedSeqOptimized.scala:33)
	at scala.collection.mutable.ArrayOps$ofInt.foreach(ArrayOps.scala:234)
	at scala.collection.TraversableLike$class.map(TraversableLike.scala:234)
	at scala.collection.mutable.ArrayOps$ofInt.map(ArrayOps.scala:234)
	at sparklyr.Utils$$anonfun$13.apply(utils.scala:362)
	at sparklyr.Utils$$anonfun$13.apply(utils.scala:360)
	at scala.collection.Iterator$$anon$11.next(Iterator.scala:409)
	at scala.collection.Iterator$$anon$11.next(Iterator.scala:409)
	at scala.collection.Iterator$$anon$11.next(Iterator.scala:409)
	at org.apache.spark.sql.execution.columnar.InMemoryRelation$$anonfun$1$$anon$1.next(InMemoryRelation.scala:108)
	at org.apache.spark.sql.execution.columnar.InMemoryRelation$$anonfun$1$$anon$1.next(InMemoryRelation.scala:98)
	at org.apache.spark.storage.memory.MemoryStore.putIteratorAsValues(MemoryStore.scala:217)
	at org.apache.spark.storage.BlockManager$$anonfun$doPutIterator$1.apply(BlockManager.scala:1092)
	at org.apache.spark.storage.BlockManager$$anonfun$doPutIterator$1.apply(BlockManager.scala:1083)
	at org.apache.spark.storage.BlockManager.doPut(BlockManager.scala:1018)
	at org.apache.spark.storage.BlockManager.doPutIterator(BlockManager.scala:1083)
	at org.apache.spark.storage.BlockManager.getOrElseUpdate(BlockManager.scala:809)
	at org.apache.spark.rdd.RDD.getOrCompute(RDD.scala:335)
	at org.apache.spark.rdd.RDD.iterator(RDD.scala:286)
	at org.apache.spark.rdd.MapPartitionsRDD.compute(MapPartitionsRDD.scala:38)
	at org.apache.spark.rdd.RDD.computeOrReadCheckpoint(RDD.scala:324)
	at org.apache.spark.rdd.RDD.iterator(RDD.scala:288)
	at org.apache.spark.rdd.MapPartitionsRDD.compute(MapPartitionsRDD.scala:38)
	at org.apache.spark.rdd.RDD.computeOrReadCheckpoint(RDD.scala:324)
	at org.apache.spark.rdd.RDD.iterator(RDD.scala:288)
	at org.apache.spark.rdd.MapPartitionsRDD.compute(MapPartitionsRDD.scala:38)
	at org.apache.spark.rdd.RDD.computeOrReadCheckpoint(RDD.scala:324)
	at org.apache.spark.rdd.RDD.iterator(RDD.scala:288)
	at org.apache.spark.rdd.MapPartitionsRDD.compute(MapPartitionsRDD.scala:38)
	at org.apache.spark.rdd.RDD.computeOrReadCheckpoint(RDD.scala:324)
	at org.apache.spark.rdd.RDD.iterator(RDD.scala:288)
	at org.apache.spark.scheduler.ShuffleMapTask.runTask(ShuffleMapTask.scala:96)
	at org.apache.spark.scheduler.ShuffleMapTask.runTask(ShuffleMapTask.scala:53)
	at org.apache.spark.scheduler.Task.run(Task.scala:109)
	at org.apache.spark.executor.Executor$TaskRunner.run(Executor.scala:345)
	at java.util.concurrent.ThreadPoolExecutor.runWorker(Unknown Source)
	at java.util.concurrent.ThreadPoolExecutor$Worker.run(Unknown Source)
	at java.lang.Thread.run(Unknown Source)

18/10/13 09:19:09 ERROR TaskSetManager: Task 0 in stage 16.0 failed 1 times; aborting job
18/10/13 09:19:09 INFO TaskSchedulerImpl: Removed TaskSet 16.0, whose tasks have all completed, from pool 
18/10/13 09:19:09 INFO TaskSchedulerImpl: Cancelling stage 16
18/10/13 09:19:09 INFO DAGScheduler: ShuffleMapStage 16 (sql at <unknown>:0) failed in 0.188 s due to Job aborted due to stage failure: Task 0 in stage 16.0 failed 1 times, most recent failure: Lost task 0.0 in stage 16.0 (TID 16, localhost, executor driver): java.lang.ArrayIndexOutOfBoundsException: 11
	at sparklyr.Utils$$anonfun$13$$anonfun$14.apply(utils.scala:363)
	at sparklyr.Utils$$anonfun$13$$anonfun$14.apply(utils.scala:362)
	at scala.collection.TraversableLike$$anonfun$map$1.apply(TraversableLike.scala:234)
	at scala.collection.TraversableLike$$anonfun$map$1.apply(TraversableLike.scala:234)
	at scala.collection.IndexedSeqOptimized$class.foreach(IndexedSeqOptimized.scala:33)
	at scala.collection.mutable.ArrayOps$ofInt.foreach(ArrayOps.scala:234)
	at scala.collection.TraversableLike$class.map(TraversableLike.scala:234)
	at scala.collection.mutable.ArrayOps$ofInt.map(ArrayOps.scala:234)
	at sparklyr.Utils$$anonfun$13.apply(utils.scala:362)
	at sparklyr.Utils$$anonfun$13.apply(utils.scala:360)
	at scala.collection.Iterator$$anon$11.next(Iterator.scala:409)
	at scala.collection.Iterator$$anon$11.next(Iterator.scala:409)
	at scala.collection.Iterator$$anon$11.next(Iterator.scala:409)
	at org.apache.spark.sql.execution.columnar.InMemoryRelation$$anonfun$1$$anon$1.next(InMemoryRelation.scala:108)
	at org.apache.spark.sql.execution.columnar.InMemoryRelation$$anonfun$1$$anon$1.next(InMemoryRelation.scala:98)
	at org.apache.spark.storage.memory.MemoryStore.putIteratorAsValues(MemoryStore.scala:217)
	at org.apache.spark.storage.BlockManager$$anonfun$doPutIterator$1.apply(BlockManager.scala:1092)
	at org.apache.spark.storage.BlockManager$$anonfun$doPutIterator$1.apply(BlockManager.scala:1083)
	at org.apache.spark.storage.BlockManager.doPut(BlockManager.scala:1018)
	at org.apache.spark.storage.BlockManager.doPutIterator(BlockManager.scala:1083)
	at org.apache.spark.storage.BlockManager.getOrElseUpdate(BlockManager.scala:809)
	at org.apache.spark.rdd.RDD.getOrCompute(RDD.scala:335)
	at org.apache.spark.rdd.RDD.iterator(RDD.scala:286)
	at org.apache.spark.rdd.MapPartitionsRDD.compute(MapPartitionsRDD.scala:38)
	at org.apache.spark.rdd.RDD.computeOrReadCheckpoint(RDD.scala:324)
	at org.apache.spark.rdd.RDD.iterator(RDD.scala:288)
	at org.apache.spark.rdd.MapPartitionsRDD.compute(MapPartitionsRDD.scala:38)
	at org.apache.spark.rdd.RDD.computeOrReadCheckpoint(RDD.scala:324)
	at org.apache.spark.rdd.RDD.iterator(RDD.scala:288)
	at org.apache.spark.rdd.MapPartitionsRDD.compute(MapPartitionsRDD.scala:38)
	at org.apache.spark.rdd.RDD.computeOrReadCheckpoint(RDD.scala:324)
	at org.apache.spark.rdd.RDD.iterator(RDD.scala:288)
	at org.apache.spark.rdd.MapPartitionsRDD.compute(MapPartitionsRDD.scala:38)
	at org.apache.spark.rdd.RDD.computeOrReadCheckpoint(RDD.scala:324)
	at org.apache.spark.rdd.RDD.iterator(RDD.scala:288)
	at org.apache.spark.scheduler.ShuffleMapTask.runTask(ShuffleMapTask.scala:96)
	at org.apache.spark.scheduler.ShuffleMapTask.runTask(ShuffleMapTask.scala:53)
	at org.apache.spark.scheduler.Task.run(Task.scala:109)
	at org.apache.spark.executor.Executor$TaskRunner.run(Executor.scala:345)
	at java.util.concurrent.ThreadPoolExecutor.runWorker(Unknown Source)
	at java.util.concurrent.ThreadPoolExecutor$Worker.run(Unknown Source)
	at java.lang.Thread.run(Unknown Source)

Driver stacktrace:
18/10/13 09:19:10 INFO DAGScheduler: Job 12 failed: sql at <unknown>:0, took 0.195796 s
18/10/13 09:19:10 INFO ContextCleaner: Cleaned accumulator 356
18/10/13 09:19:10 INFO ContextCleaner: Cleaned accumulator 234
18/10/13 09:19:10 INFO ContextCleaner: Cleaned accumulator 237
18/10/13 09:19:10 INFO ContextCleaner: Cleaned accumulator 298
18/10/13 09:19:10 INFO ContextCleaner: Cleaned accumulator 256
18/10/13 09:19:10 INFO ContextCleaner: Cleaned accumulator 308
18/10/13 09:19:10 INFO ContextCleaner: Cleaned accumulator 507
18/10/13 09:19:10 INFO ContextCleaner: Cleaned shuffle 2
18/10/13 09:19:10 INFO ContextCleaner: Cleaned accumulator 478
18/10/13 09:19:10 INFO ContextCleaner: Cleaned accumulator 457
18/10/13 09:19:10 INFO ContextCleaner: Cleaned accumulator 490
18/10/13 09:19:10 INFO ContextCleaner: Cleaned accumulator 271
18/10/13 09:19:10 INFO ContextCleaner: Cleaned accumulator 523
18/10/13 09:19:10 INFO ContextCleaner: Cleaned accumulator 231
18/10/13 09:19:10 INFO ContextCleaner: Cleaned accumulator 449
18/10/13 09:19:10 INFO ContextCleaner: Cleaned accumulator 412
18/10/13 09:19:10 INFO ContextCleaner: Cleaned accumulator 493
18/10/13 09:19:10 INFO BlockManagerInfo: Removed broadcast_7_piece0 on 127.0.0.1:62718 in memory (size: 10.8 KB, free: 366.2 MB)
18/10/13 09:19:10 INFO ContextCleaner: Cleaned accumulator 517
18/10/13 09:19:10 INFO ContextCleaner: Cleaned accumulator 518
18/10/13 09:19:10 INFO ContextCleaner: Cleaned accumulator 240
18/10/13 09:19:10 INFO ContextCleaner: Cleaned accumulator 303
18/10/13 09:19:10 INFO ContextCleaner: Cleaned accumulator 374
18/10/13 09:19:10 INFO ContextCleaner: Cleaned accumulator 230
18/10/13 09:19:10 INFO ContextCleaner: Cleaned accumulator 389
18/10/13 09:19:10 INFO ContextCleaner: Cleaned accumulator 327
18/10/13 09:19:10 INFO ContextCleaner: Cleaned accumulator 315
18/10/13 09:19:10 INFO ContextCleaner: Cleaned accumulator 316
18/10/13 09:19:10 INFO ContextCleaner: Cleaned accumulator 393
18/10/13 09:19:10 INFO ContextCleaner: Cleaned accumulator 405
18/10/13 09:19:10 INFO ContextCleaner: Cleaned accumulator 286
18/10/13 09:19:10 INFO ContextCleaner: Cleaned accumulator 399
18/10/13 09:19:10 INFO ContextCleaner: Cleaned accumulator 319
18/10/13 09:19:10 INFO ContextCleaner: Cleaned accumulator 264
18/10/13 09:19:10 INFO ContextCleaner: Cleaned accumulator 456
18/10/13 09:19:10 INFO ContextCleaner: Cleaned accumulator 292
18/10/13 09:19:10 INFO ContextCleaner: Cleaned accumulator 334
18/10/13 09:19:10 INFO ContextCleaner: Cleaned accumulator 440
18/10/13 09:19:10 INFO ContextCleaner: Cleaned accumulator 289
18/10/13 09:19:10 INFO ContextCleaner: Cleaned accumulator 434
18/10/13 09:19:10 INFO ContextCleaner: Cleaned accumulator 464
18/10/13 09:19:10 INFO ContextCleaner: Cleaned accumulator 332
18/10/13 09:19:10 INFO ContextCleaner: Cleaned accumulator 522
18/10/13 09:19:10 INFO ContextCleaner: Cleaned accumulator 229
18/10/13 09:19:10 INFO ContextCleaner: Cleaned accumulator 401
18/10/13 09:19:10 INFO ContextCleaner: Cleaned accumulator 302
18/10/13 09:19:10 INFO ContextCleaner: Cleaned accumulator 513
18/10/13 09:19:10 INFO ContextCleaner: Cleaned accumulator 454
18/10/13 09:19:10 INFO ContextCleaner: Cleaned accumulator 296
18/10/13 09:19:10 INFO ContextCleaner: Cleaned accumulator 376
18/10/13 09:19:10 INFO ContextCleaner: Cleaned accumulator 270
18/10/13 09:19:10 INFO ContextCleaner: Cleaned accumulator 295
18/10/13 09:19:10 INFO ContextCleaner: Cleaned accumulator 494
18/10/13 09:19:10 INFO ContextCleaner: Cleaned accumulator 276
18/10/13 09:19:10 INFO ContextCleaner: Cleaned accumulator 304
18/10/13 09:19:10 INFO ContextCleaner: Cleaned accumulator 480
18/10/13 09:19:10 INFO ContextCleaner: Cleaned accumulator 514
18/10/13 09:19:10 INFO ContextCleaner: Cleaned accumulator 277
18/10/13 09:19:10 INFO ContextCleaner: Cleaned accumulator 425
18/10/13 09:19:10 INFO BlockManagerInfo: Removed broadcast_8_piece0 on 127.0.0.1:62718 in memory (size: 3.3 KB, free: 366.2 MB)
18/10/13 09:19:10 INFO ContextCleaner: Cleaned accumulator 416
18/10/13 09:19:10 INFO ContextCleaner: Cleaned accumulator 450
18/10/13 09:19:10 INFO ContextCleaner: Cleaned accumulator 436
18/10/13 09:19:10 INFO ContextCleaner: Cleaned accumulator 458
18/10/13 09:19:10 INFO ContextCleaner: Cleaned accumulator 469
18/10/13 09:19:10 INFO ContextCleaner: Cleaned accumulator 220
18/10/13 09:19:10 INFO ContextCleaner: Cleaned accumulator 439
18/10/13 09:19:10 INFO ContextCleaner: Cleaned accumulator 452
18/10/13 09:19:10 INFO ContextCleaner: Cleaned accumulator 506
18/10/13 09:19:10 INFO ContextCleaner: Cleaned accumulator 427
18/10/13 09:19:10 INFO ContextCleaner: Cleaned accumulator 484
18/10/13 09:19:10 INFO ContextCleaner: Cleaned accumulator 228
18/10/13 09:19:10 INFO ContextCleaner: Cleaned accumulator 318
18/10/13 09:19:10 INFO ContextCleaner: Cleaned accumulator 326
18/10/13 09:19:10 INFO ContextCleaner: Cleaned accumulator 419
18/10/13 09:19:10 INFO ContextCleaner: Cleaned accumulator 447
18/10/13 09:19:10 INFO BlockManagerInfo: Removed broadcast_9_piece0 on 127.0.0.1:62718 in memory (size: 11.8 KB, free: 366.2 MB)
18/10/13 09:19:11 INFO ContextCleaner: Cleaned accumulator 381
18/10/13 09:19:11 INFO ContextCleaner: Cleaned accumulator 431
18/10/13 09:19:11 INFO ContextCleaner: Cleaned accumulator 521
18/10/13 09:19:11 INFO ContextCleaner: Cleaned accumulator 305
18/10/13 09:19:11 INFO ContextCleaner: Cleaned accumulator 225
18/10/13 09:19:11 INFO ContextCleaner: Cleaned accumulator 312
18/10/13 09:19:11 INFO ContextCleaner: Cleaned accumulator 489
18/10/13 09:19:11 INFO ContextCleaner: Cleaned accumulator 390
18/10/13 09:19:11 INFO ContextCleaner: Cleaned accumulator 497
18/10/13 09:19:11 INFO ContextCleaner: Cleaned shuffle 4
18/10/13 09:19:11 INFO ContextCleaner: Cleaned accumulator 218
18/10/13 09:19:11 INFO ContextCleaner: Cleaned accumulator 370
18/10/13 09:19:11 INFO ContextCleaner: Cleaned accumulator 358
18/10/13 09:19:11 INFO ContextCleaner: Cleaned accumulator 392
18/10/13 09:19:11 INFO ContextCleaner: Cleaned accumulator 241
18/10/13 09:19:11 INFO ContextCleaner: Cleaned accumulator 282
18/10/13 09:19:11 INFO ContextCleaner: Cleaned accumulator 426
18/10/13 09:19:11 INFO ContextCleaner: Cleaned accumulator 375
18/10/13 09:19:11 INFO ContextCleaner: Cleaned accumulator 274
18/10/13 09:19:11 INFO ContextCleaner: Cleaned accumulator 294
18/10/13 09:19:11 INFO ContextCleaner: Cleaned accumulator 462
18/10/13 09:19:11 INFO ContextCleaner: Cleaned accumulator 500
18/10/13 09:19:11 INFO ContextCleaner: Cleaned accumulator 418
18/10/13 09:19:11 INFO ContextCleaner: Cleaned accumulator 460
18/10/13 09:19:11 INFO ContextCleaner: Cleaned accumulator 385
18/10/13 09:19:11 INFO ContextCleaner: Cleaned accumulator 396
18/10/13 09:19:11 INFO ContextCleaner: Cleaned accumulator 468
18/10/13 09:19:11 INFO BlockManagerInfo: Removed broadcast_11_piece0 on 127.0.0.1:62718 in memory (size: 11.8 KB, free: 366.3 MB)
18/10/13 09:19:11 INFO BlockManagerInfo: Removed broadcast_12_piece0 on 127.0.0.1:62718 in memory (size: 3.8 KB, free: 366.3 MB)
18/10/13 09:19:11 INFO ContextCleaner: Cleaned accumulator 322
18/10/13 09:19:11 INFO ContextCleaner: Cleaned accumulator 235
18/10/13 09:19:11 INFO ContextCleaner: Cleaned accumulator 333
18/10/13 09:19:11 INFO ContextCleaner: Cleaned accumulator 263
18/10/13 09:19:11 INFO ContextCleaner: Cleaned accumulator 372
18/10/13 09:19:11 INFO ContextCleaner: Cleaned accumulator 377
18/10/13 09:19:11 INFO ContextCleaner: Cleaned accumulator 386
18/10/13 09:19:11 INFO ContextCleaner: Cleaned accumulator 293
18/10/13 09:19:11 INFO ContextCleaner: Cleaned accumulator 515
18/10/13 09:19:11 INFO ContextCleaner: Cleaned accumulator 267
18/10/13 09:19:11 INFO ContextCleaner: Cleaned accumulator 265
18/10/13 09:19:11 INFO ContextCleaner: Cleaned accumulator 232
18/10/13 09:19:11 INFO ContextCleaner: Cleaned accumulator 421
18/10/13 09:19:11 INFO ContextCleaner: Cleaned accumulator 325
18/10/13 09:19:11 INFO BlockManagerInfo: Removed broadcast_16_piece0 on 127.0.0.1:62718 in memory (size: 10.7 KB, free: 366.3 MB)
18/10/13 09:19:11 INFO ContextCleaner: Cleaned accumulator 301
18/10/13 09:19:11 INFO ContextCleaner: Cleaned accumulator 363
18/10/13 09:19:11 INFO ContextCleaner: Cleaned accumulator 438
18/10/13 09:19:11 INFO ContextCleaner: Cleaned accumulator 354
18/10/13 09:19:11 INFO ContextCleaner: Cleaned accumulator 496
18/10/13 09:19:11 INFO ContextCleaner: Cleaned accumulator 320
18/10/13 09:19:11 INFO ContextCleaner: Cleaned accumulator 252
18/10/13 09:19:11 INFO ContextCleaner: Cleaned accumulator 502
18/10/13 09:19:11 INFO ContextCleaner: Cleaned accumulator 380
18/10/13 09:19:11 INFO ContextCleaner: Cleaned accumulator 492
18/10/13 09:19:11 INFO ContextCleaner: Cleaned accumulator 224
18/10/13 09:19:11 INFO ContextCleaner: Cleaned accumulator 498
18/10/13 09:19:11 INFO ContextCleaner: Cleaned accumulator 495
18/10/13 09:19:11 INFO ContextCleaner: Cleaned accumulator 395
18/10/13 09:19:11 INFO ContextCleaner: Cleaned accumulator 226
18/10/13 09:19:11 INFO ContextCleaner: Cleaned accumulator 254
18/10/13 09:19:11 INFO ContextCleaner: Cleaned accumulator 248
18/10/13 09:19:11 INFO ContextCleaner: Cleaned accumulator 485
18/10/13 09:19:11 INFO ContextCleaner: Cleaned accumulator 250
18/10/13 09:19:11 INFO ContextCleaner: Cleaned accumulator 388
18/10/13 09:19:11 INFO ContextCleaner: Cleaned accumulator 474
18/10/13 09:19:11 INFO ContextCleaner: Cleaned accumulator 314
18/10/13 09:19:11 INFO ContextCleaner: Cleaned accumulator 336
18/10/13 09:19:11 INFO ContextCleaner: Cleaned accumulator 266
18/10/13 09:19:11 INFO ContextCleaner: Cleaned accumulator 242
18/10/13 09:19:11 INFO ContextCleaner: Cleaned accumulator 328
18/10/13 09:19:11 INFO ContextCleaner: Cleaned accumulator 331
18/10/13 09:19:11 INFO ContextCleaner: Cleaned accumulator 324
18/10/13 09:19:11 INFO ContextCleaner: Cleaned accumulator 330
18/10/13 09:19:11 INFO ContextCleaner: Cleaned accumulator 261
18/10/13 09:19:11 INFO ContextCleaner: Cleaned accumulator 217
18/10/13 09:19:11 INFO ContextCleaner: Cleaned accumulator 285
18/10/13 09:19:11 INFO ContextCleaner: Cleaned accumulator 260
18/10/13 09:19:11 INFO ContextCleaner: Cleaned accumulator 278
18/10/13 09:19:11 INFO ContextCleaner: Cleaned accumulator 311
18/10/13 09:19:11 INFO ContextCleaner: Cleaned accumulator 461
18/10/13 09:19:11 INFO ContextCleaner: Cleaned accumulator 467
18/10/13 09:19:11 INFO ContextCleaner: Cleaned accumulator 371
18/10/13 09:19:11 INFO ContextCleaner: Cleaned accumulator 432
18/10/13 09:19:11 INFO ContextCleaner: Cleaned accumulator 238
18/10/13 09:19:11 INFO ContextCleaner: Cleaned accumulator 360
18/10/13 09:19:11 INFO ContextCleaner: Cleaned accumulator 510
18/10/13 09:19:11 INFO ContextCleaner: Cleaned accumulator 397
18/10/13 09:19:11 INFO ContextCleaner: Cleaned accumulator 223
18/10/13 09:19:11 INFO ContextCleaner: Cleaned accumulator 466
18/10/13 09:19:11 INFO ContextCleaner: Cleaned accumulator 441
18/10/13 09:19:11 INFO ContextCleaner: Cleaned accumulator 424
18/10/13 09:19:11 INFO ContextCleaner: Cleaned accumulator 259
18/10/13 09:19:11 INFO ContextCleaner: Cleaned accumulator 415
18/10/13 09:19:11 INFO ContextCleaner: Cleaned accumulator 280
18/10/13 09:19:11 INFO ContextCleaner: Cleaned accumulator 430
18/10/13 09:19:11 INFO ContextCleaner: Cleaned accumulator 414
18/10/13 09:19:11 INFO ContextCleaner: Cleaned accumulator 516
18/10/13 09:19:11 INFO ContextCleaner: Cleaned accumulator 408
18/10/13 09:19:11 INFO ContextCleaner: Cleaned accumulator 448
18/10/13 09:19:11 INFO ContextCleaner: Cleaned accumulator 369
18/10/13 09:19:11 INFO ContextCleaner: Cleaned accumulator 437
18/10/13 09:19:11 INFO ContextCleaner: Cleaned accumulator 476
18/10/13 09:19:11 INFO ContextCleaner: Cleaned accumulator 519
18/10/13 09:19:11 INFO ContextCleaner: Cleaned accumulator 284
18/10/13 09:19:11 INFO ContextCleaner: Cleaned accumulator 508
18/10/13 09:19:11 INFO ContextCleaner: Cleaned accumulator 442
18/10/13 09:19:11 INFO ContextCleaner: Cleaned accumulator 323
18/10/13 09:19:11 INFO ContextCleaner: Cleaned accumulator 520
18/10/13 09:19:11 INFO ContextCleaner: Cleaned accumulator 253
18/10/13 09:19:11 INFO ContextCleaner: Cleaned accumulator 445
18/10/13 09:19:11 INFO ContextCleaner: Cleaned accumulator 247
18/10/13 09:19:11 INFO ContextCleaner: Cleaned accumulator 283
18/10/13 09:19:11 INFO ContextCleaner: Cleaned accumulator 310
18/10/13 09:19:11 INFO ContextCleaner: Cleaned accumulator 273
18/10/13 09:19:11 INFO ContextCleaner: Cleaned accumulator 299
18/10/13 09:19:11 INFO ContextCleaner: Cleaned accumulator 491
18/10/13 09:19:11 INFO ContextCleaner: Cleaned accumulator 335
18/10/13 09:19:11 INFO ContextCleaner: Cleaned accumulator 352
18/10/13 09:19:11 INFO ContextCleaner: Cleaned accumulator 470
18/10/13 09:19:11 INFO ContextCleaner: Cleaned accumulator 524
18/10/13 09:19:11 INFO ContextCleaner: Cleaned accumulator 481
18/10/13 09:19:11 INFO ContextCleaner: Cleaned accumulator 465
18/10/13 09:19:11 INFO ContextCleaner: Cleaned accumulator 367
18/10/13 09:19:11 INFO ContextCleaner: Cleaned accumulator 463
18/10/13 09:19:11 INFO ContextCleaner: Cleaned accumulator 297
18/10/13 09:19:11 INFO ContextCleaner: Cleaned accumulator 309
18/10/13 09:19:11 INFO ContextCleaner: Cleaned accumulator 275
18/10/13 09:19:11 INFO ContextCleaner: Cleaned accumulator 236
18/10/13 09:19:11 INFO ContextCleaner: Cleaned accumulator 383
18/10/13 09:19:11 INFO ContextCleaner: Cleaned accumulator 281
18/10/13 09:19:11 INFO ContextCleaner: Cleaned accumulator 357
18/10/13 09:19:11 INFO ContextCleaner: Cleaned accumulator 307
18/10/13 09:19:11 INFO ContextCleaner: Cleaned accumulator 384
18/10/13 09:19:11 INFO ContextCleaner: Cleaned accumulator 239
18/10/13 09:19:11 INFO ContextCleaner: Cleaned accumulator 475
18/10/13 09:19:11 INFO ContextCleaner: Cleaned accumulator 488
18/10/13 09:19:11 INFO ContextCleaner: Cleaned accumulator 379
18/10/13 09:19:11 INFO ContextCleaner: Cleaned accumulator 291
18/10/13 09:19:11 INFO ContextCleaner: Cleaned accumulator 451
18/10/13 09:19:11 INFO ContextCleaner: Cleaned accumulator 373
18/10/13 09:19:11 INFO ContextCleaner: Cleaned accumulator 420
18/10/13 09:19:11 INFO ContextCleaner: Cleaned accumulator 317
18/10/13 09:19:11 INFO ContextCleaner: Cleaned accumulator 433
18/10/13 09:19:11 INFO ContextCleaner: Cleaned accumulator 511
18/10/13 09:19:11 INFO BlockManagerInfo: Removed broadcast_10_piece0 on 127.0.0.1:62718 in memory (size: 3.8 KB, free: 366.3 MB)
18/10/13 09:19:11 INFO ContextCleaner: Cleaned accumulator 455
18/10/13 09:19:11 INFO ContextCleaner: Cleaned accumulator 435
18/10/13 09:19:11 INFO ContextCleaner: Cleaned accumulator 329
18/10/13 09:19:11 INFO ContextCleaner: Cleaned accumulator 411
18/10/13 09:19:11 INFO ContextCleaner: Cleaned accumulator 423
18/10/13 09:19:11 INFO ContextCleaner: Cleaned accumulator 486
18/10/13 09:19:11 INFO ContextCleaner: Cleaned accumulator 504
18/10/13 09:19:11 INFO ContextCleaner: Cleaned accumulator 473
18/10/13 09:19:11 INFO ContextCleaner: Cleaned accumulator 477
18/10/13 09:19:11 INFO ContextCleaner: Cleaned accumulator 262
18/10/13 09:19:11 INFO ContextCleaner: Cleaned accumulator 306
18/10/13 09:19:11 INFO ContextCleaner: Cleaned accumulator 321
18/10/13 09:19:11 INFO ContextCleaner: Cleaned accumulator 361
18/10/13 09:19:11 INFO ContextCleaner: Cleaned accumulator 219
18/10/13 09:19:11 INFO ContextCleaner: Cleaned accumulator 407
18/10/13 09:19:11 INFO ContextCleaner: Cleaned accumulator 257
18/10/13 09:19:11 INFO ContextCleaner: Cleaned accumulator 413
18/10/13 09:19:11 INFO ContextCleaner: Cleaned accumulator 244
18/10/13 09:19:11 INFO ContextCleaner: Cleaned accumulator 245
18/10/13 09:19:11 INFO ContextCleaner: Cleaned accumulator 313
18/10/13 09:19:11 INFO ContextCleaner: Cleaned accumulator 251
18/10/13 09:19:11 INFO ContextCleaner: Cleaned accumulator 272
18/10/13 09:19:11 INFO BlockManagerInfo: Removed broadcast_15_piece0 on 127.0.0.1:62718 in memory (size: 3.3 KB, free: 366.3 MB)
18/10/13 09:19:11 INFO ContextCleaner: Cleaned accumulator 378
18/10/13 09:19:11 INFO ContextCleaner: Cleaned accumulator 300
18/10/13 09:19:11 INFO ContextCleaner: Cleaned accumulator 355
18/10/13 09:19:11 INFO ContextCleaner: Cleaned accumulator 288
18/10/13 09:19:11 INFO ContextCleaner: Cleaned accumulator 221
18/10/13 09:19:11 INFO BlockManagerInfo: Removed broadcast_13_piece0 on 127.0.0.1:62718 in memory (size: 10.8 KB, free: 366.3 MB)
18/10/13 09:19:11 INFO ContextCleaner: Cleaned accumulator 382
18/10/13 09:19:11 INFO ContextCleaner: Cleaned accumulator 400
18/10/13 09:19:11 INFO ContextCleaner: Cleaned accumulator 479
18/10/13 09:19:11 INFO ContextCleaner: Cleaned accumulator 505
18/10/13 09:19:11 INFO ContextCleaner: Cleaned accumulator 246
18/10/13 09:19:11 INFO ContextCleaner: Cleaned accumulator 501
18/10/13 09:19:11 INFO ContextCleaner: Cleaned accumulator 443
18/10/13 09:19:11 INFO ContextCleaner: Cleaned accumulator 487
18/10/13 09:19:11 INFO ContextCleaner: Cleaned accumulator 233
18/10/13 09:19:11 INFO ContextCleaner: Cleaned accumulator 368
18/10/13 09:19:11 INFO ContextCleaner: Cleaned accumulator 417
18/10/13 09:19:11 INFO ContextCleaner: Cleaned accumulator 503
18/10/13 09:19:11 INFO ContextCleaner: Cleaned accumulator 362
18/10/13 09:19:11 INFO ContextCleaner: Cleaned accumulator 365
18/10/13 09:19:11 INFO ContextCleaner: Cleaned accumulator 444
18/10/13 09:19:11 INFO ContextCleaner: Cleaned accumulator 287
18/10/13 09:19:11 INFO ContextCleaner: Cleaned accumulator 359
18/10/13 09:19:11 INFO ContextCleaner: Cleaned accumulator 406
18/10/13 09:19:11 INFO ContextCleaner: Cleaned accumulator 410
18/10/13 09:19:11 INFO ContextCleaner: Cleaned accumulator 453
18/10/13 09:19:11 INFO ContextCleaner: Cleaned accumulator 398
18/10/13 09:19:11 INFO ContextCleaner: Cleaned accumulator 422
18/10/13 09:19:11 INFO ContextCleaner: Cleaned accumulator 353
18/10/13 09:19:11 INFO ContextCleaner: Cleaned accumulator 499
18/10/13 09:19:11 INFO ContextCleaner: Cleaned accumulator 512
18/10/13 09:19:11 INFO ContextCleaner: Cleaned accumulator 249
18/10/13 09:19:11 INFO ContextCleaner: Cleaned accumulator 364
18/10/13 09:19:11 INFO ContextCleaner: Cleaned accumulator 227
18/10/13 09:19:11 INFO ContextCleaner: Cleaned accumulator 459
18/10/13 09:19:11 INFO ContextCleaner: Cleaned accumulator 472
18/10/13 09:19:11 INFO ContextCleaner: Cleaned accumulator 471
18/10/13 09:19:11 INFO ContextCleaner: Cleaned accumulator 222
18/10/13 09:19:11 INFO ContextCleaner: Cleaned accumulator 366
18/10/13 09:19:11 INFO ContextCleaner: Cleaned accumulator 243
18/10/13 09:19:11 INFO ContextCleaner: Cleaned accumulator 409
18/10/13 09:19:11 INFO ContextCleaner: Cleaned accumulator 258
18/10/13 09:19:11 INFO ContextCleaner: Cleaned accumulator 394
18/10/13 09:19:11 INFO ContextCleaner: Cleaned accumulator 446
18/10/13 09:19:11 INFO ContextCleaner: Cleaned accumulator 391
18/10/13 09:19:11 INFO ContextCleaner: Cleaned accumulator 387
18/10/13 09:19:11 INFO ContextCleaner: Cleaned accumulator 428
18/10/13 09:19:11 INFO BlockManagerInfo: Removed broadcast_14_piece0 on 127.0.0.1:62718 in memory (size: 3.3 KB, free: 366.3 MB)
18/10/13 09:19:11 INFO ContextCleaner: Cleaned accumulator 255
18/10/13 09:19:11 INFO ContextCleaner: Cleaned accumulator 290
18/10/13 09:19:11 INFO ContextCleaner: Cleaned accumulator 509
18/10/13 09:19:11 INFO ContextCleaner: Cleaned accumulator 429
18/10/13 09:19:11 INFO ContextCleaner: Cleaned accumulator 279
18/10/13 09:21:45 WARN SparkSession$Builder: Using an existing SparkSession; some configuration may not take effect.
18/10/13 09:21:45 WARN SparkSession$Builder: Using an existing SparkSession; some configuration may not take effect.
18/10/13 09:21:45 WARN SparkSession$Builder: Using an existing SparkSession; some configuration may not take effect.
18/10/13 09:21:45 WARN SparkSession$Builder: Using an existing SparkSession; some configuration may not take effect.
18/10/13 09:21:45 WARN SparkSession$Builder: Using an existing SparkSession; some configuration may not take effect.
18/10/13 09:21:45 WARN SparkSession$Builder: Using an existing SparkSession; some configuration may not take effect.
18/10/13 09:21:45 INFO SparkContext: Starting job: collect at utils.scala:196
18/10/13 09:21:45 INFO DAGScheduler: Got job 13 (collect at utils.scala:196) with 1 output partitions
18/10/13 09:21:45 INFO DAGScheduler: Final stage: ResultStage 18 (collect at utils.scala:196)
18/10/13 09:21:45 INFO DAGScheduler: Parents of final stage: List()
18/10/13 09:21:45 INFO DAGScheduler: Missing parents: List()
18/10/13 09:21:45 INFO DAGScheduler: Submitting ResultStage 18 (MapPartitionsRDD[95] at collect at utils.scala:196), which has no missing parents
18/10/13 09:21:45 INFO MemoryStore: Block broadcast_17 stored as values in memory (estimated size 31.0 KB, free 366.3 MB)
18/10/13 09:21:45 INFO MemoryStore: Block broadcast_17_piece0 stored as bytes in memory (estimated size 10.8 KB, free 366.3 MB)
18/10/13 09:21:45 INFO BlockManagerInfo: Added broadcast_17_piece0 in memory on 127.0.0.1:62718 (size: 10.8 KB, free: 366.3 MB)
18/10/13 09:21:45 INFO SparkContext: Created broadcast 17 from broadcast at DAGScheduler.scala:1039
18/10/13 09:21:45 INFO DAGScheduler: Submitting 1 missing tasks from ResultStage 18 (MapPartitionsRDD[95] at collect at utils.scala:196) (first 15 tasks are for partitions Vector(0))
18/10/13 09:21:45 INFO TaskSchedulerImpl: Adding task set 18.0 with 1 tasks
18/10/13 09:21:45 INFO TaskSetManager: Starting task 0.0 in stage 18.0 (TID 17, localhost, executor driver, partition 0, PROCESS_LOCAL, 9155 bytes)
18/10/13 09:21:45 INFO Executor: Running task 0.0 in stage 18.0 (TID 17)
18/10/13 09:21:45 INFO BlockManager: Found block rdd_48_0 locally
18/10/13 09:21:45 INFO Executor: Finished task 0.0 in stage 18.0 (TID 17). 2576 bytes result sent to driver
18/10/13 09:21:45 INFO TaskSetManager: Finished task 0.0 in stage 18.0 (TID 17) in 10 ms on localhost (executor driver) (1/1)
18/10/13 09:21:45 INFO TaskSchedulerImpl: Removed TaskSet 18.0, whose tasks have all completed, from pool 
18/10/13 09:21:45 INFO DAGScheduler: ResultStage 18 (collect at utils.scala:196) finished in 0.047 s
18/10/13 09:21:45 INFO DAGScheduler: Job 13 finished: collect at utils.scala:196, took 0.049137 s
18/10/13 09:28:06 INFO SparkContext: Invoking stop() from shutdown hook
18/10/13 09:28:06 INFO SparkUI: Stopped Spark web UI at http://127.0.0.1:4040
18/10/13 09:28:06 INFO MapOutputTrackerMasterEndpoint: MapOutputTrackerMasterEndpoint stopped!
18/10/13 09:28:06 INFO MemoryStore: MemoryStore cleared
18/10/13 09:28:06 INFO BlockManager: BlockManager stopped
18/10/13 09:28:06 INFO BlockManagerMaster: BlockManagerMaster stopped
18/10/13 09:28:06 INFO OutputCommitCoordinator$OutputCommitCoordinatorEndpoint: OutputCommitCoordinator stopped!
18/10/13 09:28:06 WARN SparkEnv: Exception while deleting Spark temp dir: C:\Users\qfli\AppData\Local\Temp\spark-db63498f-8e14-48ff-b336-66bb893ca981\userFiles-3f5435c3-1882-42d0-8622-8cd64d3ec8bd
java.io.IOException: Failed to delete: C:\Users\qfli\AppData\Local\Temp\spark-db63498f-8e14-48ff-b336-66bb893ca981\userFiles-3f5435c3-1882-42d0-8622-8cd64d3ec8bd
	at org.apache.spark.util.Utils$.deleteRecursively(Utils.scala:1070)
	at org.apache.spark.SparkEnv.stop(SparkEnv.scala:103)
	at org.apache.spark.SparkContext$$anonfun$stop$11.apply$mcV$sp(SparkContext.scala:1940)
	at org.apache.spark.util.Utils$.tryLogNonFatalError(Utils.scala:1357)
	at org.apache.spark.SparkContext.stop(SparkContext.scala:1939)
	at org.apache.spark.SparkContext$$anonfun$2.apply$mcV$sp(SparkContext.scala:572)
	at org.apache.spark.util.SparkShutdownHook.run(ShutdownHookManager.scala:216)
	at org.apache.spark.util.SparkShutdownHookManager$$anonfun$runAll$1$$anonfun$apply$mcV$sp$1.apply$mcV$sp(ShutdownHookManager.scala:188)
	at org.apache.spark.util.SparkShutdownHookManager$$anonfun$runAll$1$$anonfun$apply$mcV$sp$1.apply(ShutdownHookManager.scala:188)
	at org.apache.spark.util.SparkShutdownHookManager$$anonfun$runAll$1$$anonfun$apply$mcV$sp$1.apply(ShutdownHookManager.scala:188)
	at org.apache.spark.util.Utils$.logUncaughtExceptions(Utils.scala:1988)
	at org.apache.spark.util.SparkShutdownHookManager$$anonfun$runAll$1.apply$mcV$sp(ShutdownHookManager.scala:188)
	at org.apache.spark.util.SparkShutdownHookManager$$anonfun$runAll$1.apply(ShutdownHookManager.scala:188)
	at org.apache.spark.util.SparkShutdownHookManager$$anonfun$runAll$1.apply(ShutdownHookManager.scala:188)
	at scala.util.Try$.apply(Try.scala:192)
	at org.apache.spark.util.SparkShutdownHookManager.runAll(ShutdownHookManager.scala:188)
	at org.apache.spark.util.SparkShutdownHookManager$$anon$2.run(ShutdownHookManager.scala:178)
	at org.apache.hadoop.util.ShutdownHookManager$1.run(ShutdownHookManager.java:54)
18/10/13 09:28:06 INFO SparkContext: Successfully stopped SparkContext
18/10/13 09:28:06 INFO ShutdownHookManager: Shutdown hook called
18/10/13 09:28:06 INFO ShutdownHookManager: Deleting directory C:\Users\qfli\AppData\Local\Temp\spark-db63498f-8e14-48ff-b336-66bb893ca981
18/10/13 09:28:06 ERROR ShutdownHookManager: Exception while deleting Spark temp dir: C:\Users\qfli\AppData\Local\Temp\spark-db63498f-8e14-48ff-b336-66bb893ca981
java.io.IOException: Failed to delete: C:\Users\qfli\AppData\Local\Temp\spark-db63498f-8e14-48ff-b336-66bb893ca981
	at org.apache.spark.util.Utils$.deleteRecursively(Utils.scala:1070)
	at org.apache.spark.util.ShutdownHookManager$$anonfun$1$$anonfun$apply$mcV$sp$3.apply(ShutdownHookManager.scala:65)
	at org.apache.spark.util.ShutdownHookManager$$anonfun$1$$anonfun$apply$mcV$sp$3.apply(ShutdownHookManager.scala:62)
	at scala.collection.IndexedSeqOptimized$class.foreach(IndexedSeqOptimized.scala:33)
	at scala.collection.mutable.ArrayOps$ofRef.foreach(ArrayOps.scala:186)
	at org.apache.spark.util.ShutdownHookManager$$anonfun$1.apply$mcV$sp(ShutdownHookManager.scala:62)
	at org.apache.spark.util.SparkShutdownHook.run(ShutdownHookManager.scala:216)
	at org.apache.spark.util.SparkShutdownHookManager$$anonfun$runAll$1$$anonfun$apply$mcV$sp$1.apply$mcV$sp(ShutdownHookManager.scala:188)
	at org.apache.spark.util.SparkShutdownHookManager$$anonfun$runAll$1$$anonfun$apply$mcV$sp$1.apply(ShutdownHookManager.scala:188)
	at org.apache.spark.util.SparkShutdownHookManager$$anonfun$runAll$1$$anonfun$apply$mcV$sp$1.apply(ShutdownHookManager.scala:188)
	at org.apache.spark.util.Utils$.logUncaughtExceptions(Utils.scala:1988)
	at org.apache.spark.util.SparkShutdownHookManager$$anonfun$runAll$1.apply$mcV$sp(ShutdownHookManager.scala:188)
	at org.apache.spark.util.SparkShutdownHookManager$$anonfun$runAll$1.apply(ShutdownHookManager.scala:188)
	at org.apache.spark.util.SparkShutdownHookManager$$anonfun$runAll$1.apply(ShutdownHookManager.scala:188)
	at scala.util.Try$.apply(Try.scala:192)
	at org.apache.spark.util.SparkShutdownHookManager.runAll(ShutdownHookManager.scala:188)
	at org.apache.spark.util.SparkShutdownHookManager$$anon$2.run(ShutdownHookManager.scala:178)
	at org.apache.hadoop.util.ShutdownHookManager$1.run(ShutdownHookManager.java:54)
18/10/13 09:28:06 INFO ShutdownHookManager: Deleting directory C:\Users\qfli\AppData\Local\Temp\spark-db63498f-8e14-48ff-b336-66bb893ca981\userFiles-3f5435c3-1882-42d0-8622-8cd64d3ec8bd
18/10/13 09:28:06 ERROR ShutdownHookManager: Exception while deleting Spark temp dir: C:\Users\qfli\AppData\Local\Temp\spark-db63498f-8e14-48ff-b336-66bb893ca981\userFiles-3f5435c3-1882-42d0-8622-8cd64d3ec8bd
java.io.IOException: Failed to delete: C:\Users\qfli\AppData\Local\Temp\spark-db63498f-8e14-48ff-b336-66bb893ca981\userFiles-3f5435c3-1882-42d0-8622-8cd64d3ec8bd
	at org.apache.spark.util.Utils$.deleteRecursively(Utils.scala:1070)
	at org.apache.spark.util.ShutdownHookManager$$anonfun$1$$anonfun$apply$mcV$sp$3.apply(ShutdownHookManager.scala:65)
	at org.apache.spark.util.ShutdownHookManager$$anonfun$1$$anonfun$apply$mcV$sp$3.apply(ShutdownHookManager.scala:62)
	at scala.collection.IndexedSeqOptimized$class.foreach(IndexedSeqOptimized.scala:33)
	at scala.collection.mutable.ArrayOps$ofRef.foreach(ArrayOps.scala:186)
	at org.apache.spark.util.ShutdownHookManager$$anonfun$1.apply$mcV$sp(ShutdownHookManager.scala:62)
	at org.apache.spark.util.SparkShutdownHook.run(ShutdownHookManager.scala:216)
	at org.apache.spark.util.SparkShutdownHookManager$$anonfun$runAll$1$$anonfun$apply$mcV$sp$1.apply$mcV$sp(ShutdownHookManager.scala:188)
	at org.apache.spark.util.SparkShutdownHookManager$$anonfun$runAll$1$$anonfun$apply$mcV$sp$1.apply(ShutdownHookManager.scala:188)
	at org.apache.spark.util.SparkShutdownHookManager$$anonfun$runAll$1$$anonfun$apply$mcV$sp$1.apply(ShutdownHookManager.scala:188)
	at org.apache.spark.util.Utils$.logUncaughtExceptions(Utils.scala:1988)
	at org.apache.spark.util.SparkShutdownHookManager$$anonfun$runAll$1.apply$mcV$sp(ShutdownHookManager.scala:188)
	at org.apache.spark.util.SparkShutdownHookManager$$anonfun$runAll$1.apply(ShutdownHookManager.scala:188)
	at org.apache.spark.util.SparkShutdownHookManager$$anonfun$runAll$1.apply(ShutdownHookManager.scala:188)
	at scala.util.Try$.apply(Try.scala:192)
	at org.apache.spark.util.SparkShutdownHookManager.runAll(ShutdownHookManager.scala:188)
	at org.apache.spark.util.SparkShutdownHookManager$$anon$2.run(ShutdownHookManager.scala:178)
	at org.apache.hadoop.util.ShutdownHookManager$1.run(ShutdownHookManager.java:54)
18/10/13 09:28:06 INFO ShutdownHookManager: Deleting directory C:\Users\qfli\AppData\Local\Temp\spark-2ec0e9de-ea10-457d-a5e3-09c93d35bd95
